This is LuaTeX, Version beta-0.76.0-2013070111 (rev 4627)  (format=lualatex 2013.12.1)  26 DEC 2013 19:39
 restricted \write18 enabled.
**main-sanctSacra.tex
(./main-sanctSacra.tex
LaTeX2e <2011/06/27>
Babel <3.9f> and hyphenation patterns for 2 languages loaded.
(/usr/share/texlive/texmf-dist/tex/latex/memoir/memoir.cls
Document Class: memoir 2013/05/30 v3.7b configurable book, report, article docum
ent class
\onelineskip=\skip41
\lxvchars=\skip42
\xlvchars=\skip43
\@memcnta=\count79
\c@@memmarkcntra=\count80
(/usr/share/texlive/texmf-dist/tex/generic/oberdiek/ifpdf.sty
Package: ifpdf 2011/01/30 v2.3 Provides the ifpdf switch (HO)
Package ifpdf Info: pdfTeX in PDF mode is detected.
)
(/usr/share/texlive/texmf-dist/tex/latex/ifetex/ifetex.sty
Package: ifetex 2011/12/15 v1.2 ifetex

(/usr/share/texlive/texmf-dist/tex/plain/ifetex/ifetex.tex))
(/usr/share/texlive/texmf-dist/tex/generic/ifxetex/ifxetex.sty
Package: ifxetex 2010/09/12 v0.6 Provides ifxetex conditional
)
(/usr/share/texlive/texmf-dist/tex/generic/oberdiek/ifluatex.sty
Package: ifluatex 2010/03/01 v1.3 Provides the ifluatex switch (HO)
Package ifluatex Info: LuaTeX detected.
)
\stockheight=\skip44
\stockwidth=\skip45
\trimtop=\skip46
\trimedge=\skip47

(/usr/share/texlive/texmf-dist/tex/latex/etex-pkg/etex.sty
Package: etex 1998/03/26 v2.0 eTeX basic definition package (PEB)
\et@xins=\count81
)
(/usr/share/texlive/texmf-dist/tex/latex/memoir/mem11.clo
File: mem11.clo 2008/01/30 v0.3 memoir class 11pt size option
)
\binding=\skip48
\spinemargin=\skip49
\foremargin=\skip50
\uppermargin=\skip51
\lowermargin=\skip52
\headdrop=\skip53
\normalrulethickness=\skip54
\mem@maxheadheight=\skip55
\mem@maxfootheight=\skip56
\headwidth=\skip57
\c@storedpagenumber=\count82
\memPD=\dimen102
\m@mabparskip=\skip58
\thanksmarkwidth=\skip59
\thanksmarksep=\skip60
\droptitle=\skip61
\c@book=\count83
\c@part=\count84
\c@chapter=\count85
\c@section=\count86
\c@subsection=\count87
\c@subsubsection=\count88
\c@paragraph=\count89
\c@subparagraph=\count90
\beforechapskip=\skip62
\midchapskip=\skip63
\afterchapskip=\skip64
\chapindent=\skip65
\bottomsectionskip=\skip66
\secindent=\skip67
\beforesecskip=\skip68
\aftersecskip=\skip69
\subsecindent=\skip70
\beforesubsecskip=\skip71
\aftersubsecskip=\skip72
\subsubsecindent=\skip73
\beforesubsubsecskip=\skip74
\aftersubsubsecskip=\skip75
\paraindent=\skip76
\beforeparaskip=\skip77
\afterparaskip=\skip78
\subparaindent=\skip79
\beforesubparaskip=\skip80
\aftersubparaskip=\skip81
\pfbreakskip=\skip82
\c@@ppsavesec=\count91
\c@@ppsaveapp=\count92
\ragrparindent=\dimen103
\everylistparindent=\dimen104
\parsepi=\skip83
\topsepi=\skip84
\itemsepi=\skip85
\parsepii=\skip86
\topsepii=\skip87
\topsepiii=\skip88
\itemsepii=\skip89
\itemsepiii=\skip90
\partopsepii=\skip91
\partopsepiii=\skip92
\m@msavetopsep=\skip93
\m@msavepartopsep=\skip94
\@enLab=\toks14
\abstitleskip=\skip95
\absleftindent=\skip96
\abs@leftindent=\dimen105
\absrightindent=\skip97
\absparindent=\skip98
\absparsep=\skip99
\c@vslineno=\count93
\c@poemline=\count94
\c@modulo@vs=\count95
\c@memfvsline=\count96
\vleftskip=\skip100
\vrightskip=\skip101
\stanzaskip=\skip102
\versewidth=\skip103
\vgap=\skip104
\vindent=\skip105
\vleftmargin=\dimen106
\c@verse=\count97
\c@chrsinstr=\count98
\beforepoemtitleskip=\skip106
\afterpoemtitleskip=\skip107
\c@poem=\count99
\beforePoemTitleskip=\skip108
\midPoemTitleskip=\skip109
\afterPoemTitleskip=\skip110
\col@sep=\dimen107
\extrarowheight=\dimen108
\NC@list=\toks15
\extratabsurround=\skip111
\backup@length=\skip112
\TX@col@width=\dimen109
\TX@old@table=\dimen110
\TX@old@col=\dimen111
\TX@target=\dimen112
\TX@delta=\dimen113
\TX@cols=\count100
\TX@ftn=\toks16
\heavyrulewidth=\dimen114
\lightrulewidth=\dimen115
\cmidrulewidth=\dimen116
\belowrulesep=\dimen117
\belowbottomsep=\dimen118
\aboverulesep=\dimen119
\abovetopsep=\dimen120
\cmidrulesep=\dimen121
\cmidrulekern=\dimen122
\defaultaddspace=\dimen123
\@cmidla=\count101
\@cmidlb=\count102
\@aboverulesep=\dimen124
\@belowrulesep=\dimen125
\@thisruleclass=\count103
\@lastruleclass=\count104
\@thisrulewidth=\dimen126
\ctableftskip=\skip113
\ctabrightskip=\skip114
\abovecolumnspenalty=\count105
\@linestogo=\count106
\@cellstogo=\count107
\@cellsincolumn=\count108
\crtok=\toks17
\@mincolumnwidth=\dimen127
\c@newflo@tctr=\count109
\mem@margin@floatbox=\box26
\@contcwidth=\skip115
\@contindw=\skip116
\abovecaptionskip=\skip117
\belowcaptionskip=\skip118
\subfloattopskip=\skip119
\subfloatcapskip=\skip120
\subfloatcaptopadj=\skip121
\subfloatbottomskip=\skip122
\subfloatlabelskip=\skip123
\subfloatcapmargin=\dimen128
\c@@contsubnum=\count110
\m@mscap@capbox=\box27
\m@mscap@fbox=\box28
\sidecapsep=\dimen129
\sidecapwidth=\dimen130
\m@m@tempdima=\dimen131
\m@mscapraise=\dimen132
\sidecapraise=\dimen133
\m@mscapmainwidth=\dimen134
\m@mscaplkern=\dimen135
\beforeepigraphskip=\skip124
\afterepigraphskip=\skip125
\epigraphwidth=\skip126
\epigraphrule=\skip127
LaTeX Info: Redefining \em on input line 7492.
LaTeX Info: Redefining \emph on input line 7500.
\tocentryskip=\skip128
\tocbaseline=\skip129
\cftparskip=\skip130
\cftbeforebookskip=\skip131
\cftbookindent=\dimen136
\cftbooknumwidth=\dimen137
\cftbeforepartskip=\skip132
\cftpartindent=\skip133
\cftpartnumwidth=\skip134
\cftbeforechapterskip=\skip135
\cftchapterindent=\skip136
\cftchapternumwidth=\skip137
\cftbeforesectionskip=\skip138
\cftsectionindent=\skip139
\cftsectionnumwidth=\skip140
\cftbeforesubsectionskip=\skip141
\cftsubsectionindent=\skip142
\cftsubsectionnumwidth=\skip143
\cftbeforesubsubsectionskip=\skip144
\cftsubsubsectionindent=\skip145
\cftsubsubsectionnumwidth=\skip146
\cftbeforeparagraphskip=\skip147
\cftparagraphindent=\skip148
\cftparagraphnumwidth=\skip149
\cftbeforesubparagraphskip=\skip150
\cftsubparagraphindent=\skip151
\cftsubparagraphnumwidth=\skip152
\prechapterprecisshift=\dimen138
\c@maxsecnumdepth=\count111
\bibindent=\dimen139
\bibitemsep=\skip153
\indexcolsep=\skip154
\indexrule=\skip155
\indexmarkstyle=\toks18
\@indexbox=\insert233
\glossarycolsep=\dimen140
\glossaryrule=\dimen141
\sideparvshift=\skip156
\sideins=\insert232
\sidebartopsep=\skip157
\sidebarhsep=\skip158
\sidebarvsep=\skip159
\sidebarwidth=\skip160
\footmarkwidth=\skip161
\footmarksep=\skip162
\footparindent=\skip163
\footinsdim=\skip164
\footinsv@r=\insert231
\@mpfootinsv@r=\insert230
\m@m@k=\count112
\m@m@h=\dimen142
\m@mipn@skip=\skip165
\sidefootins=\insert229
\sidefootadjust=\skip166
\sidefootheight=\skip167
\sidefoothsep=\skip168
\sidefootvsep=\skip169
\sidefootwidth=\skip170
\m@mdownsf=\skip171
\c@sidefootnote=\count113
\sidefootmarkwidth=\skip172
\sidefootmarksep=\skip173
\sidefootparindent=\skip174
\c@pagenote=\count114
\c@pagenoteshadow=\count115
\mem@pn@lastkern=\skip175
\every@verbatim=\toks19
\afterevery@verbatim=\toks20
\verbatim@line=\toks21
\tab@position=\count116
\verbatim@in@stream=\read1
\verbatimindent=\skip176
\verbatim@out=\write3
\bvboxsep=\skip177
\c@memfbvline=\count117
\c@bvlinectr=\count118
\bvnumlength=\skip178
\fb@frw=\dimen143
\fb@frh=\dimen144
\FrameRule=\dimen145
\FrameSep=\dimen146
\c@cp@cntr=\count119
LaTeX Info: Redefining \: on input line 11958.
LaTeX Info: Redefining \! on input line 11960.
\c@ism@mctr=\count120
\c@xsm@mctr=\count121
\c@csm@mctr=\count122
\c@ksm@mctr=\count123
\c@xksm@mctr=\count124
\c@cksm@mctr=\count125
\c@msm@mctr=\count126
\c@xmsm@mctr=\count127
\c@cmsm@mctr=\count128
\c@bsm@mctr=\count129
\c@workm@mctr=\count130
\c@sheetsequence=\count131
\c@lastsheet=\count132
\c@lastpage=\count133
\c@figure=\count134
\c@lofdepth=\count135
\cftbeforefigureskip=\skip179
\cftfigureindent=\skip180
\cftfigurenumwidth=\skip181
\c@table=\count136
\c@lotdepth=\count137
\cftbeforetableskip=\skip182
\cfttableindent=\skip183
\cfttablenumwidth=\skip184
Package abstract [2008/07/23] emulated by memoir.
Package appendix [2008/07/23] emulated by memoir.
Package array [2008/09/09] emulated by memoir.
Package booktabs [2008/07/23] emulated by memoir.
Package ccaption [2008/07/23] emulated by memoir.
Package changepage [2008/07/23] emulated by memoir.
Package chngcntr [2008/07/23] emulated by memoir.
Package chngpage [2008/07/23] emulated by memoir.
Package crop emulated by memoir.
Package dcolumn [2008/07/23] emulated by memoir.
Package delarray [2008/07/23] emulated by memoir.
Package enumerate [2008/07/23] emulated by memoir.
Package epigraph [2008/07/23] emulated by memoir.
Package ifmtarg [2008/07/23] emulated by memoir.
Package index [2008/07/23] emulated by memoir.
Package makeidx [2008/07/23] emulated by memoir.
Package moreverb [2008/07/23] emulated by memoir.
Package mparhack [2008/07/23] emulated by memoir.
Package needspace [2008/07/23] emulated by memoir.
Package newfile [2008/07/23] emulated by memoir.
Package nextpage [2008/07/23] emulated by memoir.
Package pagenote [2008/07/23] emulated by memoir.
Package parskip [2008/07/23] emulated by memoir.
Package patchcmd [2008/07/23] emulated by memoir.
Package setspace [2008/07/23] emulated by memoir.
Package shortvrb [2008/07/23] emulated by memoir.
Package showidx [2008/07/23] emulated by memoir.
Package tabularx [2008/07/23] emulated by memoir.
Package titleref [2008/07/23] emulated by memoir.
Package titling [2008/07/23] emulated by memoir.
Package tocbibind [2008/07/23] emulated by memoir.
Package tocloft [2008/07/23] emulated by memoir.
Package tocvsec2 [2008/07/23] emulated by memoir.
Package verbatim [2008/07/23] emulated by memoir.
Package verse [2008/07/23] emulated by memoir.

(/usr/share/texlive/texmf-dist/tex/latex/memoir/mempatch.sty
Package: mempatch 2009/07/24 v6.0f Patches for memoir class v1.6180339
))
(/usr/share/texlive/texmf-dist/tex/latex/graphics/graphicx.sty
Package: graphicx 1999/02/16 v1.0f Enhanced LaTeX Graphics (DPC,SPQR)

(/usr/share/texlive/texmf-dist/tex/latex/graphics/keyval.sty
Package: keyval 1999/03/16 v1.13 key=value parser (DPC)
\KV@toks@=\toks22
)
(/usr/share/texlive/texmf-dist/tex/latex/graphics/graphics.sty
Package: graphics 2009/02/05 v1.0o Standard LaTeX Graphics (DPC,SPQR)

(/usr/share/texlive/texmf-dist/tex/latex/graphics/trig.sty
Package: trig 1999/03/16 v1.09 sin cos tan (DPC)
)
(/usr/share/texlive/texmf-dist/tex/latex/latexconfig/graphics.cfg
File: graphics.cfg 2010/04/23 v1.9 graphics configuration of TeX Live
)
Package graphics Info: Driver file: pdftex.def on input line 91.

(/usr/share/texlive/texmf-dist/tex/latex/pdftex-def/pdftex.def
File: pdftex.def 2011/05/27 v0.06d Graphics/color for pdfTeX

(/usr/share/texlive/texmf-dist/tex/generic/oberdiek/infwarerr.sty
Package: infwarerr 2010/04/08 v1.3 Providing info/warning/error messages (HO)
)
(/usr/share/texlive/texmf-dist/tex/generic/oberdiek/ltxcmds.sty
Package: ltxcmds 2011/11/09 v1.22 LaTeX kernel commands for general use (HO)
)
(/usr/share/texlive/texmf-dist/tex/generic/oberdiek/pdftexcmds.sty
Package: pdftexcmds 2011/11/29 v0.20 Utility functions of pdfTeX for LuaTeX (HO)

Package pdftexcmds Info: \pdf@primitive is available.
Package pdftexcmds Info: \pdf@ifprimitive is available.
Package pdftexcmds Info: \pdfdraftmode found.

(/usr/share/texlive/texmf-dist/tex/generic/oberdiek/luatex-loader.sty
Package: luatex-loader 2010/03/09 v0.4 Lua module loader (HO)

(/usr/share/texlive/texmf-dist/scripts/oberdiek/oberdiek.luatex.lua))
\pdftexcmds@toks=\toks23
)
\Gread@gobject=\count138
))
\Gin@req@height=\dimen147
\Gin@req@width=\dimen148
)
(/usr/share/texlive/texmf-dist/tex/latex/geometry/geometry.sty
Package: geometry 2010/09/12 v5.6 Page Geometry

(/usr/share/texlive/texmf-dist/tex/generic/oberdiek/ifvtex.sty
Package: ifvtex 2010/03/01 v1.5 Detect VTeX and its facilities (HO)
Package ifvtex Info: VTeX not detected.
)
\Gm@cnth=\count139
\Gm@cntv=\count140
\c@Gm@tempcnt=\count141
\Gm@bindingoffset=\dimen149
\Gm@wd@mp=\dimen150
\Gm@odd@mp=\dimen151
\Gm@even@mp=\dimen152
\Gm@layoutwidth=\dimen153
\Gm@layoutheight=\dimen154
\Gm@layouthoffset=\dimen155
\Gm@layoutvoffset=\dimen156
\Gm@dimlist=\toks24
)
(/usr/share/texlive/texmf-dist/tex/latex/tools/multicol.sty
Package: multicol 2011/06/27 v1.7a multicolumn formatting (FMi)
\c@tracingmulticols=\count142
\mult@box=\box29
\multicol@leftmargin=\dimen157
\c@unbalance=\count143
\c@collectmore=\count144
\doublecol@number=\count145
\multicoltolerance=\count146
\multicolpretolerance=\count147
\full@width=\dimen158
\page@free=\dimen159
\premulticols=\dimen160
\postmulticols=\dimen161
\multicolsep=\skip185
\multicolbaselineskip=\skip186
\partial@page=\box30
\last@line=\box31
\mult@rightbox=\box32
\mult@grightbox=\box33
\mult@gfirstbox=\box34
\mult@firstbox=\box35
\@tempa=\box36
\@tempa=\box37
\@tempa=\box38
\@tempa=\box39
\@tempa=\box40
\@tempa=\box41
\@tempa=\box42
\@tempa=\box43
\@tempa=\box44
\@tempa=\box45
\@tempa=\box46
\@tempa=\box47
\@tempa=\box48
\@tempa=\box49
\@tempa=\box50
\@tempa=\box51
\@tempa=\box52
\c@columnbadness=\count148
\c@finalcolumnbadness=\count149
\last@try=\dimen162
\multicolovershoot=\dimen163
\multicolundershoot=\dimen164
\mult@nat@firstbox=\box53
\colbreak@box=\box54
\multicol@sort@counter=\count150
)
(/usr/share/texmf/tex/luatex/gregoriotex/gregoriotex.sty
Package: gregoriotex 2010/09/27 v2.1 GregorioTeX system.

(/usr/share/texmf/tex/latex/xcolor/xcolor.sty
Package: xcolor 2007/01/21 v2.11 LaTeX color extensions (UK)

(/usr/share/texlive/texmf-dist/tex/latex/latexconfig/color.cfg
File: color.cfg 2007/01/18 v1.5 color configuration of teTeX/TeXLive
)
Package xcolor Info: Driver file: pdftex.def on input line 225.
Package xcolor Info: Model `cmy' substituted by `cmy0' on input line 1337.
Package xcolor Info: Model `hsb' substituted by `rgb' on input line 1341.
Package xcolor Info: Model `RGB' extended on input line 1353.
Package xcolor Info: Model `HTML' substituted by `rgb' on input line 1355.
Package xcolor Info: Model `Hsb' substituted by `hsb' on input line 1356.
Package xcolor Info: Model `tHsb' substituted by `hsb' on input line 1357.
Package xcolor Info: Model `HSB' substituted by `hsb' on input line 1358.
Package xcolor Info: Model `Gray' substituted by `gray' on input line 1359.
Package xcolor Info: Model `wave' substituted by `hsb' on input line 1360.
)
(/usr/share/texmf/tex/luatex/gregoriotex/gregoriotex.tex
(/usr/share/texlive/texmf-dist/tex/luatex/luatexbase/luatexbase.sty
Package: luatexbase 2013/05/11 v0.6 Resource management for the LuaTeX macro pro
grammer

(/usr/share/texlive/texmf-dist/tex/generic/oberdiek/luatex.sty
Package: luatex 2010/03/09 v0.4 LuaTeX basic definition package (HO)
\LuT@AllocAttribute=\count277
\LuT@AllocCatcodeTable=\count278
\CatcodeTableStack=\count279
\CatcodeTableIniTeX=\catcodetable1
\CatcodeTableString=\catcodetable3
\CatcodeTableOther=\catcodetable5
\CatcodeTableLaTeX=\catcodetable7
)
(/usr/share/texlive/texmf-dist/tex/luatex/luatexbase/luatexbase-compat.sty
Package: luatexbase-compat 2011/05/24 v0.4 Compatibility tools for LuaTeX
)
(/usr/share/texlive/texmf-dist/tex/luatex/luatexbase/luatexbase-modutils.sty
Package: luatexbase-modutils 2013/05/11 v0.6 Module utilities for LuaTeX

(/usr/share/texlive/texmf-dist/tex/luatex/luatexbase/luatexbase-loader.sty
Package: luatexbase-loader 2013/05/11 v0.6 Lua module loader for LuaTeX

(/usr/share/texlive/texmf-dist/tex/luatex/luatexbase/luatexbase.loader.lua))
(/usr/share/texlive/texmf-dist/tex/luatex/luatexbase/modutils.lua)
Lua module: luatexbase-modutils 2013/05/11 0.6 Module utilities for LuaTeX
)
(/usr/share/texlive/texmf-dist/tex/luatex/luatexbase/luatexbase-regs.sty
Package: luatexbase-regs 2011/05/24 v0.4 Registers allocation for LuaTeX
)
(/usr/share/texlive/texmf-dist/tex/luatex/luatexbase/luatexbase-attr.sty
Package: luatexbase-attr 2013/05/11 v0.6 Attributes allocation for LuaTeX

(/usr/share/texlive/texmf-dist/tex/luatex/luatexbase/attr.lua)
Lua module: luatexbase-attr 2013/05/11 0.6 Attributes allocation for LuaTeX
\lltxb@attr@unsetvalue=\count280
)
(/usr/share/texlive/texmf-dist/tex/luatex/luatexbase/luatexbase-cctb.sty
Package: luatexbase-cctb 2013/05/11 v0.6 Catcodetable allocation for LuaTeX

(/usr/share/texlive/texmf-dist/tex/luatex/luatexbase/cctb.lua)
Lua module: luatexbase-cctb 2013/05/11 0.6 Catcodetable allocation for LuaTeX
\lltxb@catcodetable@alloc=\count281
\CatcodeTableStack=\count282
\CatcodeTableIniTeX=\luatexcatcodetable1
\CatcodeTableString=\luatexcatcodetable3
\CatcodeTableOther=\luatexcatcodetable5
\CatcodeTableLaTeX=\luatexcatcodetable7
\CatcodeTableLaTeXAtLetter=\luatexcatcodetable9
\CatcodeTableExpl=\luatexcatcodetable11
)
(/usr/share/texlive/texmf-dist/tex/luatex/luatexbase/luatexbase-mcb.sty
Package: luatexbase-mcb 2013/05/11 v0.6 Callback management for LuaTeX

(/usr/share/texlive/texmf-dist/tex/luatex/luatexbase/mcb.lua)
Lua module: luatexbase-mcb 2013/05/11 0.6 register several functions in a callba
ck
))
(/usr/share/texlive/texmf-dist/tex/luatex/luaotfload/luaotfload.sty
Package: luaotfload 2013/07/10 v2.3a OpenType layout system

(/usr/share/texlive/texmf-dist/tex/luatex/luaotfload/luaotfload.lua)
Lua module: luaotfload 2013/07/10 2.3001 OpenType layout system.
luaotfload: push namespace for font loader
(/usr/share/texlive/texmf-dist/tex/luatex/luaotfload/luaotfload-merged.lua)(usin
g write cache: /home/ftherese/.texmf-var/luatex-cache/generic)(using read cache:
 /var/lib/texmf/luatex-cache/generic /home/ftherese/.texmf-var/luatex-cache/gene
ric)
luatexbase-attr: luatexbase.attributes["luaotfload@kernpair"] = 1
luatexbase-attr: luatexbase.attributes["luaotfload@ligacomp"] = 2
luatexbase-attr: luatexbase.attributes["luaotfload@markbase"] = 3
luatexbase-attr: luatexbase.attributes["luaotfload@markmark"] = 4
luatexbase-attr: luatexbase.attributes["luaotfload@markdone"] = 5
luatexbase-attr: luatexbase.attributes["luaotfload@cursbase"] = 6
luatexbase-attr: luatexbase.attributes["luaotfload@curscurs"] = 7
luatexbase-attr: luatexbase.attributes["luaotfload@cursdone"] = 8
luatexbase-attr: luatexbase.attributes["luaotfload@state"] = 9
luaotfload: “I am using the merged version of 'luaotfload.lua' here. If
luaotfload:  you run into problems or experience unexpected behaviour,
luaotfload:  and if you have ConTeXt installed you can try to delete the
luaotfload:  file 'luaotfload-font-merged.lua' as I might then use the
luaotfload:  possibly updated libraries. The merged version is not
luaotfload:  supported as it is a frozen instance. Problems can be
luaotfload:  reported to the ConTeXt mailing list.”
luaotfload: pop namespace from font loader -- non-destructive
luaotfload: fontloader loaded in 0.087 seconds
luatexbase-mcb: inserting 'luaotfload.node_processor'
at position 1 in 'pre_linebreak_filter'
luatexbase-mcb: inserting 'luaotfload.node_processor'
at position 1 in 'hpack_filter'
luatexbase-mcb: inserting 'luaotfload.find_vf_file'
at position 1 in 'find_vf_file'
(/usr/share/texlive/texmf-dist/tex/luatex/luaotfload/luaotfload-override.lua)
(/usr/share/texlive/texmf-dist/tex/luatex/luaotfload/luaotfload-loaders.lua)
(/usr/share/texlive/texmf-dist/tex/luatex/luaotfload/luaotfload-database.lua)
luaotfload | db : root cache directory is /home/ftherese/.texmf-var/luatex-cache
/generic/names/
(/usr/share/texlive/texmf-dist/tex/luatex/luaotfload/luaotfload-colors.lua)
luatexbase-mcb: creating 'luaotfload.resolve_font' type 4
luatexbase-mcb: creating 'luaotfload.patch_font' type 4
luatexbase-mcb: resetting callback 'define_font'
luatexbase-mcb: inserting 'luaotfload.define_font'
at position 1 in 'define_font'
(/usr/share/texlive/texmf-dist/tex/luatex/luaotfload/luaotfload-features.lua)
(/usr/share/texlive/texmf-dist/tex/luatex/luaotfload/luaotfload-extralibs.lua)
(/usr/share/texlive/texmf-dist/tex/luatex/luaotfload/luaotfload-typo-krn.lua)
luatexbase-attr: luatexbase.attributes["luaotfload@kern"] = 12
luatexbase-attr: luatexbase.attributes["luaotfload@fontkern"] = 13
(/usr/share/texlive/texmf-dist/tex/luatex/luaotfload/luaotfload-letterspace.lua)
(/usr/share/texlive/texmf-dist/tex/luatex/luaotfload/luaotfload-auxiliary.lua)
luatexbase-mcb: inserting 'luaotfload.rewrite_fontname'
at position 1 in 'luaotfload.patch_font'
luatexbase-mcb: inserting 'luaotfload.aux.set_sscale_dimens'
at position 2 in 'luaotfload.patch_font'
luatexbase-mcb: inserting 'luaotfload.aux.patch_cambria_domh'
at position 3 in 'luaotfload.patch_font'
luatexbase-mcb: inserting 'luaotfload.aux.set_capheight'
at position 4 in 'luaotfload.patch_font')
\gregorioattr=\luatexattribute14
(/usr/share/texmf/tex/luatex/gregoriotex/gregoriotex.lua)
Lua module: gregoriotex 2013/05/21 2.3 GregorioTeX module.
\Greaux=\write4
\grefactor=\count283

(/usr/share/texmf/tex/luatex/gregoriotex/gregoriotex-spaces.tex
\greadditionallineswidth=\skip256
\grezerowidthspace=\skip257
\greinterglyphspace=\skip258
\grealterationspace=\skip259
\grebeforechoralsignspace=\skip260
\greclefflatspace=\skip261
\grebeforealterationspace=\skip262
\greinterelementspace=\skip263
\grelargerspace=\skip264
\greglyphspace=\skip265
\greintersyllablespace=\skip266
\grespacebeforecusto=\skip267
\grespacebeforesigns=\skip268
\grespaceaftersigns=\skip269
\grespaceafterlineclef=\skip270
\greinterwordspacenotes=\skip271
\greinterwordspacenotestext=\skip272
\greinterwordspacetextnotes=\skip273
\greinterwordspacetext=\skip274
\grebitrivirspace=\skip275
\grebitristrospace=\skip276
\grepunctuminclinatumshift=\skip277
\grebeforepunctainclinatashift=\skip278
\grepunctuminclinatumanddebilisshift=\skip279
\grepunctuminclinatumdebilisshift=\skip280
\grepunctuminclinatumbigshift=\skip281
\grepunctuminclinatummaxshift=\skip282
\grespacearoundsmallbar=\skip283
\grespacearoundminor=\skip284
\grespacearoundmaior=\skip285
\grespacearoundfinalis=\skip286
\grespacebeforefinalfinalis=\skip287
\grespacearoundclefbars=\skip288
\gretextbartextspace=\skip289
\grenotebarspace=\skip290
\gremaximumspacewithoutdash=\dimen256
\greafterclefnospace=\skip291
\greadditionallineswidth=\dimen257
\greafterinitialshift=\skip292
\grebeforeinitialshift=\skip293
\greminimalspaceatlinebeginning=\dimen258
\greaboveinitialseparation=\dimen259
\grestafflineheight=\dimen260
\greinterstafflinespace=\dimen261
\grestafflinediff=\dimen262
\greabovesignsspace=\dimen263
\grebelowsignsspace=\dimen264
\grelowchoralsignshift=\dimen265
\grehighchoralsignshift=\dimen266
\gretranslationheight=\dimen267
\grespaceabovelines=\skip294
\greabovelinestextraise=\dimen268
\greabovelinestextheight=\dimen269
\grespacelinestext=\skip295
\grespacebeneathtext=\skip296
\greconstantglyphraise=\dimen270
\grestaffheight=\dimen271
\greclefchangespace=\skip297
\grenoclefspace=\dimen272
\grebraceshift=\skip298
\grecurlybraceaccentusshift=\skip299

(/usr/share/texmf/tex/luatex/gregoriotex/gsp-default.tex))
\grestafflinewidth=\dimen273
\grelinewidth=\dimen274
\grecurrenttranslationheight=\dimen275
\greadditionalbottomspace=\dimen276
\greadditionaltopspace=\dimen277
\gretextlower=\dimen278
\GreTempwidth=\box256
\gretempwidth=\dimen279
\gretextaligncenter=\dimen280
\greadditionalleftspace=\dimen281
\GreInitial=\box257
\greinitialwidth=\dimen282
\grebiginitial=\count284
\greknownline=\count285
\GreAboveinitialfirstbox=\box258
\greaboveinitialfirstraise=\dimen283
\GreAboveinitialsecondbox=\box259
\greaboveinitialsecondraise=\dimen284
\grecurrentabovelinestextheight=\dimen285
\GreLines=\box260

(/usr/share/texmf/tex/luatex/gregoriotex/gregoriotex-signs.tex
\greclefnum=\count286
\greclefwidth=\dimen286
\GreTempsign=\box261
\gretempdimsignwidth=\dimen287
\gretempdimtwo=\dimen288
\keeprightbox=\count287
\grefirstisalteration=\count288
)
(/usr/share/texmf/tex/luatex/gregoriotex/gregoriotex-syllable.tex
\greglyphraisevalue=\dimen289
\greaddedraisevalue=\dimen290
\gretempdimcount=\count289
\greisonaline=\count290
\grefirstglyph=\count291
\grelastglyphwidth=\dimen291
\grenotesaligncenter=\dimen292
\GreSyllablenotes=\box262
\greenddifference=\dimen293
\grepreviousenddifference=\dimen294
\grebegindifference=\dimen295
\gretempdim=\dimen296
\GreSyllabletext=\box263
\grefirstsyllableofword=\count292
\greendofscore=\count293
\greskipone=\skip300
\grenextbegindifference=\skip301
\gretempdimskip=\skip302
)
\printchirovbars=\count294
\grelastoflinecount=\count295
\greblockcusto=\count296

(/usr/share/texmf/tex/luatex/gregoriotex/gregoriotex-symbols.tex
\gretempfactor=\count297
luaotfload | load : auto-selecting default features for script: dflt
luaotfload | resolve : Font family='gresym', subfamily='regular' found: gresym.t
tf(load luc: /home/ftherese/.texmf-var/luatex-cache/generic/fonts/otf/gresym.luc
))))
(/usr/share/texlive/texmf-dist/tex/latex/preprint/fullpage.sty
Package: fullpage 1999/02/23 1.1 (PWD)
\FP@margin=\skip303
)
(/usr/share/texlive/texmf-dist/tex/generic/babel/babel.sty
Package: babel 2013/05/16 v3.9f The Babel package


! Package babel Error: Unknow option `latin'. Either you misspelled it
(babel)                or the language definition file latin.ldf was not found.


See the babel package documentation for explanation.
Type  H <return>  for immediate help.
 ...                                              
                                                  
l.293 \ProcessOptions*
                    
? 

! Package babel Error: You haven't specified a language option.

See the babel package documentation for explanation.
Type  H <return>  for immediate help.
 ...                                              
                                                  
l.326 ... try to proceed from here, type x to quit.}
                                                  
? 
) (/usr/share/texlive/texmf-dist/tex/latex/base/fontenc.sty
Package: fontenc 2005/09/27 v1.99g Standard LaTeX package

(/usr/share/texlive/texmf-dist/tex/latex/base/t1enc.def
File: t1enc.def 2005/09/27 v1.99g Standard LaTeX file
LaTeX Font Info:    Redeclaring font encoding T1 on input line 43.
)
luaotfload | load : auto-selecting default features for script: dflt)
(/usr/share/texlive/texmf-dist/tex/lualatex/luainputenc/luainputenc.sty
Package: luainputenc 2010/11/19 v0.973 inputenc package for LuaTeX

(/usr/share/texlive/texmf-dist/tex/lualatex/luainputenc/luainputenc.lua)
Lua module: luainputenc 2010/05/10 0.97 Lua simple inputenc package.
\inpenc@prehook=\toks25
\inpenc@posthook=\toks26

(/usr/share/texlive/texmf-dist/tex/lualatex/luainputenc/lutf8.def
File: lutf8.def 2010/05/10 v0.97 UTF-8 support for luainputenc
Now handling font encoding OML ...
... no UTF-8 mapping file for font encoding OML
Now handling font encoding T1 ...
... processing UTF-8 mapping file for font encodingT1

(/usr/share/texlive/texmf-dist/tex/latex/base/t1enc.dfu
File: t1enc.dfu 2008/04/05 v1.1m UTF-8 support for inputenc
)
Now handling font encoding OT1 ...
... processing UTF-8 mapping file for font encodingOT1

(/usr/share/texlive/texmf-dist/tex/latex/base/ot1enc.dfu
File: ot1enc.dfu 2008/04/05 v1.1m UTF-8 support for inputenc
)
Now handling font encoding OMS ...
... processing UTF-8 mapping file for font encodingOMS

(/usr/share/texlive/texmf-dist/tex/latex/base/omsenc.dfu
File: omsenc.dfu 2008/04/05 v1.1m UTF-8 support for inputenc
)
Now handling font encoding OMX ...
... no UTF-8 mapping file for font encoding OMX
Now handling font encoding U ...
... no UTF-8 mapping file for font encoding U
))
(/usr/share/texlive/texmf-dist/tex/latex/fontspec/fontspec.sty
Package: fontspec 2013/05/20 v2.3c Font selection for XeLaTeX and LuaLaTeX

(/usr/share/texlive/texmf-dist/tex/latex/l3kernel/expl3.sty
(/usr/share/texlive/texmf-dist/tex/latex/l3kernel/l3names.sty
(/usr/share/texlive/texmf-dist/tex/latex/l3kernel/l3bootstrap.sty
Package: l3bootstrap 2013/01/08 v4420 L3 Experimental bootstrap code
)
Package: l3names 2012/12/07 v4346 L3 Namespace for primitives
)
Package: expl3 2013/07/12 v4544 L3 Experimental code bundle wrapper

(/usr/share/texlive/texmf-dist/tex/latex/l3kernel/l3basics.sty
Package: l3basics 2013/07/09 v4521 L3 Basic definitions
)
(/usr/share/texlive/texmf-dist/tex/latex/l3kernel/l3expan.sty
Package: l3expan 2013/07/09 v4521 L3 Argument expansion
)
(/usr/share/texlive/texmf-dist/tex/latex/l3kernel/l3tl.sty
Package: l3tl 2013/04/24 v4482 L3 Token lists
)
(/usr/share/texlive/texmf-dist/tex/latex/l3kernel/l3seq.sty
Package: l3seq 2013/05/26 v4500 L3 Sequences and stacks
)
(/usr/share/texlive/texmf-dist/tex/latex/l3kernel/l3int.sty
Package: l3int 2013/04/24 v4482 L3 Integers
\c_max_int=\count298
\l_tmpa_int=\count299
\l_tmpb_int=\count300
\g_tmpa_int=\count301
\g_tmpb_int=\count302
)
(/usr/share/texlive/texmf-dist/tex/latex/l3kernel/l3quark.sty
Package: l3quark 2013/07/09 v4521 L3 Quarks
)
(/usr/share/texlive/texmf-dist/tex/latex/l3kernel/l3prg.sty
Package: l3prg 2013/04/24 v4482 L3 Control structures
\g__prg_map_int=\count303
)
(/usr/share/texlive/texmf-dist/tex/latex/l3kernel/l3clist.sty
Package: l3clist 2013/05/26 v4500 L3 Comma separated lists
)
(/usr/share/texlive/texmf-dist/tex/latex/l3kernel/l3token.sty
Package: l3token 2013/04/24 v4482 L3 Experimental token manipulation
)
(/usr/share/texlive/texmf-dist/tex/latex/l3kernel/l3prop.sty
Package: l3prop 2013/01/09 v4423 L3 Property lists
)
(/usr/share/texlive/texmf-dist/tex/latex/l3kernel/l3msg.sty
Package: l3msg 2013/01/08 v4412 L3 Messages
)
(/usr/share/texlive/texmf-dist/tex/latex/l3kernel/l3file.sty
Package: l3file 2013/05/01 v4483 L3 File and I/O operations
\l_iow_line_count_int=\count304
\l__iow_target_count_int=\count305
\l__iow_current_line_int=\count306
\l__iow_current_word_int=\count307
\l__iow_current_indentation_int=\count308
)
(/usr/share/texlive/texmf-dist/tex/latex/l3kernel/l3skip.sty
Package: l3skip 2013/01/13 v4444 L3 Dimensions and skips
\c_zero_dim=\dimen297
\c_max_dim=\dimen298
\l_tmpa_dim=\dimen299
\l_tmpb_dim=\dimen300
\g_tmpa_dim=\dimen301
\g_tmpb_dim=\dimen302
\c_zero_skip=\skip304
\c_max_skip=\skip305
\l_tmpa_skip=\skip306
\l_tmpb_skip=\skip307
\g_tmpa_skip=\skip308
\g_tmpb_skip=\skip309
\c_zero_muskip=\muskip10
\c_max_muskip=\muskip11
\l_tmpa_muskip=\muskip12
\l_tmpb_muskip=\muskip13
\g_tmpa_muskip=\muskip14
\g_tmpb_muskip=\muskip15
)
(/usr/share/texlive/texmf-dist/tex/latex/l3kernel/l3keys.sty
Package: l3keys 2013/07/12 v4544 L3 Experimental key-value interfaces
\g__keyval_level_int=\count309
\l_keys_choice_int=\count310
)
(/usr/share/texlive/texmf-dist/tex/latex/l3kernel/l3fp.sty
Package: l3fp 2013/07/09 v4521 L3 Floating points
\c__fp_leading_shift_int=\count311
\c__fp_middle_shift_int=\count312
\c__fp_trailing_shift_int=\count313
\c__fp_big_leading_shift_int=\count314
\c__fp_big_middle_shift_int=\count315
\c__fp_big_trailing_shift_int=\count316
\c__fp_Bigg_leading_shift_int=\count317
\c__fp_Bigg_middle_shift_int=\count318
\c__fp_Bigg_trailing_shift_int=\count319
)
(/usr/share/texlive/texmf-dist/tex/latex/l3kernel/l3box.sty
Package: l3box 2013/04/24 v4482 L3 Experimental boxes
\c_empty_box=\box264
\l_tmpa_box=\box265
\l_tmpb_box=\box266
\g_tmpa_box=\box267
\g_tmpb_box=\box268
)
(/usr/share/texlive/texmf-dist/tex/latex/l3kernel/l3coffins.sty
Package: l3coffins 2012/09/09 v4212 L3 Coffin code layer
\l__coffin_internal_box=\box269
\l__coffin_internal_dim=\dimen303
\l__coffin_offset_x_dim=\dimen304
\l__coffin_offset_y_dim=\dimen305
\l__coffin_x_dim=\dimen306
\l__coffin_y_dim=\dimen307
\l__coffin_x_prime_dim=\dimen308
\l__coffin_y_prime_dim=\dimen309
\c_empty_coffin=\box270
\l__coffin_aligned_coffin=\box271
\l__coffin_aligned_internal_coffin=\box272
\l_tmpa_coffin=\box273
\l_tmpb_coffin=\box274
\l__coffin_display_coffin=\box275
\l__coffin_display_coord_coffin=\box276
\l__coffin_display_pole_coffin=\box277
\l__coffin_display_offset_dim=\dimen310
\l__coffin_display_x_dim=\dimen311
\l__coffin_display_y_dim=\dimen312
)
(/usr/share/texlive/texmf-dist/tex/latex/l3kernel/l3color.sty
Package: l3color 2012/08/29 v4156 L3 Experimental color support
)
(/usr/share/texlive/texmf-dist/tex/latex/l3kernel/l3luatex.sty
Package: l3luatex 2012/08/03 v4049 L3 Experimental LuaTeX-specific functions
\g__cctab_allocate_int=\count320
\g__cctab_stack_int=\count321
\c_code_cctab=\catcodetable9
)
(/usr/share/texlive/texmf-dist/tex/latex/l3kernel/l3candidates.sty
Package: l3candidates 2013/07/09 v4521 L3 Experimental additions to l3kernel
\l__box_top_dim=\dimen313
\l__box_bottom_dim=\dimen314
\l__box_left_dim=\dimen315
\l__box_right_dim=\dimen316
\l__box_top_new_dim=\dimen317
\l__box_bottom_new_dim=\dimen318
\l__box_left_new_dim=\dimen319
\l__box_right_new_dim=\dimen320
\l__box_internal_box=\box278
\l__coffin_bounding_shift_dim=\dimen321
\l__coffin_left_corner_dim=\dimen322
\l__coffin_right_corner_dim=\dimen323
\l__coffin_bottom_corner_dim=\dimen324
\l__coffin_top_corner_dim=\dimen325
\l__coffin_scaled_total_height_dim=\dimen326
\l__coffin_scaled_width_dim=\dimen327
))
(/usr/share/texlive/texmf-dist/tex/latex/l3packages/xparse/xparse.sty
Package: xparse 2013/07/12 v4544 L3 Experimental document command parser
\l__xparse_current_arg_int=\count322
\l__xparse_m_args_int=\count323
\l__xparse_mandatory_args_int=\count324
\l__xparse_processor_int=\count325
\l__xparse_v_nesting_int=\count326
)
(/usr/share/texlive/texmf-dist/tex/latex/fontspec/fontspec.lua)
Lua module: fontspec 2013/05/20 2.3c Advanced font selection for LuaLaTeX.
\l_fontspec_script_int=\count327
\l_fontspec_language_int=\count328
\l_fontspec_strnum_int=\count329
\l_fontspec_tmpa_dim=\dimen328
\l_fontspec_tmpb_dim=\dimen329
\l_fontspec_tmpc_dim=\dimen330
Variant \tl_gset:cV already defined; not changing it on line 69

(/usr/share/texlive/texmf-dist/tex/latex/fontspec/fontspec-patches.sty
Package: fontspec-patches 2013/05/20 v2.3c Font selection for XeLaTeX and LuaLaT
eX

(/usr/share/texlive/texmf-dist/tex/latex/base/fixltx2e.sty
Package: fixltx2e 2006/09/13 v1.1m fixes to LaTeX
LaTeX Info: Redefining \em on input line 420.
LaTeX Info: Redefining \textsubscript on input line 424.
)
LaTeX Info: Redefining \em on input line 22.
LaTeX Info: Redefining \emph on input line 30.
LaTeX Info: Redefining \- on input line 33.

*************************************************
* LaTeX warning: "xparse/redefine-command"
* 
* Redefining document command \oldstylenums with arg. spec. 'm' on line 128.
*************************************************
.................................................
. LaTeX info: "xparse/define-command"
. 
. Defining document command \liningnums with arg. spec. 'm' on line 132.
.................................................
) (/usr/share/texlive/texmf-dist/tex/latex/fontspec/fontspec-luatex.sty
Package: fontspec-luatex 2013/05/20 v2.3c Font selection for XeLaTeX and LuaLaTe
X

(/usr/share/texlive/texmf-dist/tex/latex/base/fontenc.sty
Package: fontenc 2005/09/27 v1.99g Standard LaTeX package

(/usr/share/texlive/texmf-dist/tex/latex/euenc/eu2enc.def
File: eu2enc.def 2010/05/27 v0.1h Experimental Unicode font encodings
NowhandlingfontencodingEU2...
...noUTF-8mappingfileforfontencodingEU2
)
LaTeX Font Info:    Try loading font information for EU2+lmr on input line 100.

(/usr/share/texlive/texmf-dist/tex/latex/euenc/eu2lmr.fd
File: eu2lmr.fd 2009/10/30 v1.6 Font defs for Latin Modern
)
luaotfload | load : auto-selecting default features for script: latn
luaotfload | load : no defaults for script “latn”, falling back to “dflt
”(load luc: /home/ftherese/.texmf-var/luatex-cache/generic/fonts/otf/lmroman10
-regular.luc))
(/usr/share/texlive/texmf-dist/tex/xelatex/xunicode/xunicode.sty
File: xunicode.sty 2011/09/09 v0.981 provides access to latin accents and many o
ther characters in Unicode lower plane

(/usr/share/texmf/tex/latex/tipa/t3enc.def
File: t3enc.def 2001/12/31 T3 encoding
NowhandlingfontencodingT3...
...noUTF-8mappingfileforfontencodingT3
luaotfload | load : auto-selecting default features for script: latn
luaotfload | load : no defaults for script “latn”, falling back to “dflt
”(load luc: /home/ftherese/.texmf-var/luatex-cache/generic/fonts/otf/lmromansl
ant10-regular.luc)
luaotfload | load : auto-selecting default features for script: latn
luaotfload | load : no defaults for script “latn”, falling back to “dflt
”(load luc: /home/ftherese/.texmf-var/luatex-cache/generic/fonts/otf/lmroman10
-italic.luc)
luaotfload | load : auto-selecting default features for script: latn
luaotfload | load : no defaults for script “latn”, falling back to “dflt
”(load luc: /home/ftherese/.texmf-var/luatex-cache/generic/fonts/otf/lmroman10
-bold.luc)
LaTeX Font Info:    Try loading font information for EU2+lmss on input line 357.


(/usr/share/texlive/texmf-dist/tex/latex/euenc/eu2lmss.fd
File: eu2lmss.fd 2009/10/30 v1.6 Font defs for Latin Modern
)
luaotfload | load : auto-selecting default features for script: latn
luaotfload | load : no defaults for script “latn”, falling back to “dflt
”(load luc: /home/ftherese/.texmf-var/luatex-cache/generic/fonts/otf/lmsans10-
regular.luc))
\tipaTiiicode=\count330
\tipasavetokens=\toks27
\tipachecktokens=\toks28
)
.................................................
. LaTeX info: "xparse/define-command"
. 
. Defining document command \fontspec with arg. spec. 'O{}m' on line 44.
.................................................
.................................................
. LaTeX info: "xparse/define-command"
. 
. Defining document command \setmainfont with arg. spec. 'O{}m' on line 49.
.................................................
.................................................
. LaTeX info: "xparse/define-command"
. 
. Defining document command \setsansfont with arg. spec. 'O{}m' on line 54.
.................................................
.................................................
. LaTeX info: "xparse/define-command"
. 
. Defining document command \setmonofont with arg. spec. 'O{}m' on line 59.
.................................................
.................................................
. LaTeX info: "xparse/define-command"
. 
. Defining document command \setmathrm with arg. spec. 'O{}m' on line 68.
.................................................
.................................................
. LaTeX info: "xparse/define-command"
. 
. Defining document command \setboldmathrm with arg. spec. 'O{}m' on line 72.
.................................................
.................................................
. LaTeX info: "xparse/define-command"
. 
. Defining document command \setmathsf with arg. spec. 'O{}m' on line 76.
.................................................
.................................................
. LaTeX info: "xparse/define-command"
. 
. Defining document command \setmathtt with arg. spec. 'O{}m' on line 80.
.................................................
.................................................
. LaTeX info: "xparse/define-command"
. 
. Defining document command \newfontfamily with arg. spec. 'mO{}m' on line 99.
.................................................
.................................................
. LaTeX info: "xparse/define-command"
. 
. Defining document command \newfontface with arg. spec. 'mO{}m' on line 103.
.................................................
.................................................
. LaTeX info: "xparse/define-command"
. 
. Defining document command \defaultfontfeatures with arg. spec. 'om' on line
. 111.
.................................................
.................................................
. LaTeX info: "xparse/define-command"
. 
. Defining document command \addfontfeatures with arg. spec. 'm' on line 147.
.................................................
.................................................
. LaTeX info: "xparse/define-command"
. 
. Defining document command \newfontfeature with arg. spec. 'mm' on line 159.
.................................................
.................................................
. LaTeX info: "xparse/define-command"
. 
. Defining document command \newAATfeature with arg. spec. 'mmmm' on line 167.
.................................................
.................................................
. LaTeX info: "xparse/define-command"
. 
. Defining document command \newICUfeature with arg. spec. 'mmm' on line 175.
.................................................
.................................................
. LaTeX info: "xparse/define-command"
. 
. Defining document command \aliasfontfeature with arg. spec. 'mm' on line
. 204.
.................................................
.................................................
. LaTeX info: "xparse/define-command"
. 
. Defining document command \aliasfontfeatureoption with arg. spec. 'mmm' on
. line 206.
.................................................
.................................................
. LaTeX info: "xparse/define-command"
. 
. Defining document command \newfontscript with arg. spec. 'mm' on line 211.
.................................................
.................................................
. LaTeX info: "xparse/define-command"
. 
. Defining document command \newfontlanguage with arg. spec. 'mm' on line 238.
.................................................
.................................................
. LaTeX info: "xparse/define-command"
. 
. Defining document command \DeclareFontsExtensions with arg. spec. 'm' on
. line 259.
.................................................
Variant \prop_gput:cnV already defined; not changing it on line 586
Variant \prop_gput:cnx already defined; not changing it on line 587
\l_fontspec_tmp_int=\count331
LaTeX Info: Redefining \itshape on input line 2008.
LaTeX Info: Redefining \slshape on input line 2013.
LaTeX Info: Redefining \scshape on input line 2018.
LaTeX Info: Redefining \upshape on input line 2023.

(/usr/share/texlive/texmf-dist/tex/latex/fontspec/fontspec.cfg)))
(/usr/share/texmf/tex/latex/lm/lmodern.sty
Package: lmodern 2009/10/30 v1.6 Latin Modern Fonts
LaTeX Font Info:    Overwriting symbol font `operators' in version `normal'
(Font)                  OT1/cmr/m/n --> OT1/lmr/m/n on input line 22.
LaTeX Font Info:    Overwriting symbol font `letters' in version `normal'
(Font)                  OML/cmm/m/it --> OML/lmm/m/it on input line 23.
LaTeX Font Info:    Overwriting symbol font `symbols' in version `normal'
(Font)                  OMS/cmsy/m/n --> OMS/lmsy/m/n on input line 24.
LaTeX Font Info:    Overwriting symbol font `largesymbols' in version `normal'
(Font)                  OMX/cmex/m/n --> OMX/lmex/m/n on input line 25.
LaTeX Font Info:    Overwriting symbol font `operators' in version `bold'
(Font)                  OT1/cmr/bx/n --> OT1/lmr/bx/n on input line 26.
LaTeX Font Info:    Overwriting symbol font `letters' in version `bold'
(Font)                  OML/cmm/b/it --> OML/lmm/b/it on input line 27.
LaTeX Font Info:    Overwriting symbol font `symbols' in version `bold'
(Font)                  OMS/cmsy/b/n --> OMS/lmsy/b/n on input line 28.
LaTeX Font Info:    Overwriting symbol font `largesymbols' in version `bold'
(Font)                  OMX/cmex/m/n --> OMX/lmex/m/n on input line 29.
LaTeX Font Info:    Overwriting math alphabet `\mathbf' in version `normal'
(Font)                  OT1/cmr/bx/n --> OT1/lmr/bx/n on input line 31.
LaTeX Font Info:    Overwriting math alphabet `\mathsf' in version `normal'
(Font)                  OT1/cmss/m/n --> OT1/lmss/m/n on input line 32.
LaTeX Font Info:    Overwriting math alphabet `\mathit' in version `normal'
(Font)                  OT1/cmr/m/it --> OT1/lmr/m/it on input line 33.
LaTeX Font Info:    Overwriting math alphabet `\mathtt' in version `normal'
(Font)                  OT1/cmtt/m/n --> OT1/lmtt/m/n on input line 34.
LaTeX Font Info:    Overwriting math alphabet `\mathbf' in version `bold'
(Font)                  OT1/cmr/bx/n --> OT1/lmr/bx/n on input line 35.
LaTeX Font Info:    Overwriting math alphabet `\mathsf' in version `bold'
(Font)                  OT1/cmss/bx/n --> OT1/lmss/bx/n on input line 36.
LaTeX Font Info:    Overwriting math alphabet `\mathit' in version `bold'
(Font)                  OT1/cmr/bx/it --> OT1/lmr/bx/it on input line 37.
LaTeX Font Info:    Overwriting math alphabet `\mathtt' in version `bold'
(Font)                  OT1/cmtt/m/n --> OT1/lmtt/m/n on input line 38.
)
(/usr/share/texlive/texmf-dist/tex/latex/url/url.sty
\Urlmuskip=\muskip16
Package: url 2006/04/12  ver 3.3  Verb mode for urls, etc.
)
(/usr/share/texlive/texmf-dist/tex/latex/oberdiek/pdfcolmk.sty
Package: pdfcolmk 2008/08/11 v1.2 Color support for pdfTeX via marks (HO)
Package pdfcolmk Info: The color stack of pdfTeX >= 1.40 is used. Therefore
(pdfcolmk)             this package is not necessary and not loaded.
)
(/usr/share/texmf/tex/latex/pgf/frontendlayer/tikz.sty
(/usr/share/texmf/tex/latex/pgf/basiclayer/pgf.sty
(/usr/share/texmf/tex/latex/pgf/utilities/pgfrcs.sty
(/usr/share/texmf/tex/generic/pgf/utilities/pgfutil-common.tex
\pgfutil@everybye=\toks29
)
(/usr/share/texmf/tex/generic/pgf/utilities/pgfutil-latex.def
\pgfutil@abb=\box279

(/usr/share/texlive/texmf-dist/tex/latex/ms/everyshi.sty
Package: everyshi 2001/05/15 v3.00 EveryShipout Package (MS)
))
(/usr/share/texmf/tex/generic/pgf/utilities/pgfrcs.code.tex
Package: pgfrcs 2010/10/25 v2.10 (rcs-revision 1.24)
))
Package: pgf 2008/01/15 v2.10 (rcs-revision 1.12)

(/usr/share/texmf/tex/latex/pgf/basiclayer/pgfcore.sty
(/usr/share/texmf/tex/latex/pgf/systemlayer/pgfsys.sty
(/usr/share/texmf/tex/generic/pgf/systemlayer/pgfsys.code.tex
Package: pgfsys 2010/06/30 v2.10 (rcs-revision 1.37)

(/usr/share/texmf/tex/generic/pgf/utilities/pgfkeys.code.tex
\pgfkeys@pathtoks=\toks30
\pgfkeys@temptoks=\toks31

(/usr/share/texmf/tex/generic/pgf/utilities/pgfkeysfiltered.code.tex
\pgfkeys@tmptoks=\toks32
))
\pgf@x=\dimen331
\pgf@y=\dimen332
\pgf@xa=\dimen333
\pgf@ya=\dimen334
\pgf@xb=\dimen335
\pgf@yb=\dimen336
\pgf@xc=\dimen337
\pgf@yc=\dimen338
\w@pgf@writea=\write5
\r@pgf@reada=\read2
\c@pgf@counta=\count332
\c@pgf@countb=\count333
\c@pgf@countc=\count334
\c@pgf@countd=\count335

(/usr/share/texmf/tex/generic/pgf/systemlayer/pgf.cfg
File: pgf.cfg 2008/05/14  (rcs-revision 1.7)
)
Package pgfsys Info: Driver file for pgf: pgfsys-pdftex.def on input line 900.

(/usr/share/texmf/tex/generic/pgf/systemlayer/pgfsys-pdftex.def
File: pgfsys-pdftex.def 2009/05/22  (rcs-revision 1.26)

(/usr/share/texmf/tex/generic/pgf/systemlayer/pgfsys-common-pdf.def
File: pgfsys-common-pdf.def 2008/05/19  (rcs-revision 1.10)
)))
(/usr/share/texmf/tex/generic/pgf/systemlayer/pgfsyssoftpath.code.tex
File: pgfsyssoftpath.code.tex 2008/07/18  (rcs-revision 1.7)
\pgfsyssoftpath@smallbuffer@items=\count336
\pgfsyssoftpath@bigbuffer@items=\count337
)
(/usr/share/texmf/tex/generic/pgf/systemlayer/pgfsysprotocol.code.tex
File: pgfsysprotocol.code.tex 2006/10/16  (rcs-revision 1.4)
))
(/usr/share/texmf/tex/generic/pgf/basiclayer/pgfcore.code.tex
Package: pgfcore 2010/04/11 v2.10 (rcs-revision 1.7)

(/usr/share/texmf/tex/generic/pgf/math/pgfmath.code.tex
(/usr/share/texmf/tex/generic/pgf/math/pgfmathcalc.code.tex
(/usr/share/texmf/tex/generic/pgf/math/pgfmathutil.code.tex)
(/usr/share/texmf/tex/generic/pgf/math/pgfmathparser.code.tex
\pgfmath@dimen=\dimen339
\pgfmath@count=\count338
\pgfmath@box=\box280
\pgfmath@toks=\toks33
\pgfmath@stack@operand=\toks34
\pgfmath@stack@operation=\toks35
)
(/usr/share/texmf/tex/generic/pgf/math/pgfmathfunctions.code.tex
(/usr/share/texmf/tex/generic/pgf/math/pgfmathfunctions.basic.code.tex)
(/usr/share/texmf/tex/generic/pgf/math/pgfmathfunctions.trigonometric.code.tex)
(/usr/share/texmf/tex/generic/pgf/math/pgfmathfunctions.random.code.tex)
(/usr/share/texmf/tex/generic/pgf/math/pgfmathfunctions.comparison.code.tex)
(/usr/share/texmf/tex/generic/pgf/math/pgfmathfunctions.base.code.tex)
(/usr/share/texmf/tex/generic/pgf/math/pgfmathfunctions.round.code.tex)
(/usr/share/texmf/tex/generic/pgf/math/pgfmathfunctions.misc.code.tex)))
(/usr/share/texmf/tex/generic/pgf/math/pgfmathfloat.code.tex
\c@pgfmathroundto@lastzeros=\count339
))
(/usr/share/texmf/tex/generic/pgf/basiclayer/pgfcorepoints.code.tex
File: pgfcorepoints.code.tex 2010/04/09  (rcs-revision 1.20)
\pgf@picminx=\dimen340
\pgf@picmaxx=\dimen341
\pgf@picminy=\dimen342
\pgf@picmaxy=\dimen343
\pgf@pathminx=\dimen344
\pgf@pathmaxx=\dimen345
\pgf@pathminy=\dimen346
\pgf@pathmaxy=\dimen347
\pgf@xx=\dimen348
\pgf@xy=\dimen349
\pgf@yx=\dimen350
\pgf@yy=\dimen351
\pgf@zx=\dimen352
\pgf@zy=\dimen353
)
(/usr/share/texmf/tex/generic/pgf/basiclayer/pgfcorepathconstruct.code.tex
File: pgfcorepathconstruct.code.tex 2010/08/03  (rcs-revision 1.24)
\pgf@path@lastx=\dimen354
\pgf@path@lasty=\dimen355
)
(/usr/share/texmf/tex/generic/pgf/basiclayer/pgfcorepathusage.code.tex
File: pgfcorepathusage.code.tex 2008/04/22  (rcs-revision 1.12)
\pgf@shorten@end@additional=\dimen356
\pgf@shorten@start@additional=\dimen357
)
(/usr/share/texmf/tex/generic/pgf/basiclayer/pgfcorescopes.code.tex
File: pgfcorescopes.code.tex 2010/09/08  (rcs-revision 1.34)
\pgfpic=\box281
\pgf@hbox=\box282
\pgf@layerbox@main=\box283
\pgf@picture@serial@count=\count340
)
(/usr/share/texmf/tex/generic/pgf/basiclayer/pgfcoregraphicstate.code.tex
File: pgfcoregraphicstate.code.tex 2008/04/22  (rcs-revision 1.9)
\pgflinewidth=\dimen358
)
(/usr/share/texmf/tex/generic/pgf/basiclayer/pgfcoretransformations.code.tex
File: pgfcoretransformations.code.tex 2009/06/10  (rcs-revision 1.11)
\pgf@pt@x=\dimen359
\pgf@pt@y=\dimen360
\pgf@pt@temp=\dimen361
)
(/usr/share/texmf/tex/generic/pgf/basiclayer/pgfcorequick.code.tex
File: pgfcorequick.code.tex 2008/10/09  (rcs-revision 1.3)
)
(/usr/share/texmf/tex/generic/pgf/basiclayer/pgfcoreobjects.code.tex
File: pgfcoreobjects.code.tex 2006/10/11  (rcs-revision 1.2)
)
(/usr/share/texmf/tex/generic/pgf/basiclayer/pgfcorepathprocessing.code.tex
File: pgfcorepathprocessing.code.tex 2008/10/09  (rcs-revision 1.8)
)
(/usr/share/texmf/tex/generic/pgf/basiclayer/pgfcorearrows.code.tex
File: pgfcorearrows.code.tex 2008/04/23  (rcs-revision 1.11)
)
(/usr/share/texmf/tex/generic/pgf/basiclayer/pgfcoreshade.code.tex
File: pgfcoreshade.code.tex 2008/11/23  (rcs-revision 1.13)
\pgf@max=\dimen362
\pgf@sys@shading@range@num=\count341
)
(/usr/share/texmf/tex/generic/pgf/basiclayer/pgfcoreimage.code.tex
File: pgfcoreimage.code.tex 2010/03/25  (rcs-revision 1.16)

(/usr/share/texmf/tex/generic/pgf/basiclayer/pgfcoreexternal.code.tex
File: pgfcoreexternal.code.tex 2010/09/01  (rcs-revision 1.17)
\pgfexternal@startupbox=\box284
))
(/usr/share/texmf/tex/generic/pgf/basiclayer/pgfcorelayers.code.tex
File: pgfcorelayers.code.tex 2010/08/27  (rcs-revision 1.2)
)
(/usr/share/texmf/tex/generic/pgf/basiclayer/pgfcoretransparency.code.tex
File: pgfcoretransparency.code.tex 2008/01/17  (rcs-revision 1.2)
)
(/usr/share/texmf/tex/generic/pgf/basiclayer/pgfcorepatterns.code.tex
File: pgfcorepatterns.code.tex 2009/07/02  (rcs-revision 1.3)
)))
(/usr/share/texmf/tex/generic/pgf/modules/pgfmoduleshapes.code.tex
File: pgfmoduleshapes.code.tex 2010/09/09  (rcs-revision 1.13)
\pgfnodeparttextbox=\box285
)
(/usr/share/texmf/tex/generic/pgf/modules/pgfmoduleplot.code.tex
File: pgfmoduleplot.code.tex 2010/10/22  (rcs-revision 1.8)
)
(/usr/share/texmf/tex/latex/pgf/compatibility/pgfcomp-version-0-65.sty
Package: pgfcomp-version-0-65 2007/07/03 v2.10 (rcs-revision 1.7)
\pgf@nodesepstart=\dimen363
\pgf@nodesepend=\dimen364
)
(/usr/share/texmf/tex/latex/pgf/compatibility/pgfcomp-version-1-18.sty
Package: pgfcomp-version-1-18 2007/07/23 v2.10 (rcs-revision 1.1)
))
(/usr/share/texmf/tex/latex/pgf/utilities/pgffor.sty
(/usr/share/texmf/tex/latex/pgf/utilities/pgfkeys.sty
(/usr/share/texmf/tex/generic/pgf/utilities/pgfkeys.code.tex))
(/usr/share/texmf/tex/generic/pgf/utilities/pgffor.code.tex
Package: pgffor 2010/03/23 v2.10 (rcs-revision 1.18)
\pgffor@iter=\dimen365
\pgffor@skip=\dimen366
\pgffor@stack=\toks36
\pgffor@toks=\toks37
))
(/usr/share/texmf/tex/generic/pgf/frontendlayer/tikz/tikz.code.tex
Package: tikz 2010/10/13 v2.10 (rcs-revision 1.76)

(/usr/share/texmf/tex/generic/pgf/libraries/pgflibraryplothandlers.code.tex
File: pgflibraryplothandlers.code.tex 2010/05/31 v2.10 (rcs-revision 1.15)
\pgf@plot@mark@count=\count342
\pgfplotmarksize=\dimen367
)
\tikz@lastx=\dimen368
\tikz@lasty=\dimen369
\tikz@lastxsaved=\dimen370
\tikz@lastysaved=\dimen371
\tikzleveldistance=\dimen372
\tikzsiblingdistance=\dimen373
\tikz@figbox=\box286
\tikz@tempbox=\box287
\tikztreelevel=\count343
\tikznumberofchildren=\count344
\tikznumberofcurrentchild=\count345
\tikz@fig@count=\count346

(/usr/share/texmf/tex/generic/pgf/modules/pgfmodulematrix.code.tex
File: pgfmodulematrix.code.tex 2010/08/24  (rcs-revision 1.4)
\pgfmatrixcurrentrow=\count347
\pgfmatrixcurrentcolumn=\count348
\pgf@matrix@numberofcolumns=\count349
)
\tikz@expandcount=\count350

(/usr/share/texmf/tex/generic/pgf/frontendlayer/tikz/libraries/tikzlibrarytopat
hs.code.tex
File: tikzlibrarytopaths.code.tex 2008/06/17 v2.10 (rcs-revision 1.2)
))) (/usr/share/texlive/texmf-dist/tex/latex/psnfss/pifont.sty
Package: pifont 2005/04/12 PSNFSS-v9.2a Pi font support (SPQR) 
LaTeX Font Info:    Try loading font information for U+pzd on input line 63.

(/usr/share/texlive/texmf-dist/tex/latex/psnfss/upzd.fd
File: upzd.fd 2001/06/04 font definitions for U/pzd.
)
luaotfload | load : auto-selecting default features for script: dflt
LaTeX Font Info:    Try loading font information for U+psy on input line 64.

(/usr/share/texlive/texmf-dist/tex/latex/psnfss/upsy.fd
File: upsy.fd 2001/06/04 font definitions for U/psy.
)
luaotfload | load : auto-selecting default features for script: dflt)
\drop=\skip310


******************************************************
Stock height and width: 597.50787pt by 421.10078pt
Top and edge trims: 0pt and 0pt
Page height and width: 597.50787pt by 421.10078pt
Text height and width: 555.00024pt by 398pt
Spine and edge margins: 8.11768pt and 14.64417pt
Upper and lower margins: 25.6073pt and 16.90033pt
Headheight and headsep: 6.8pt and 13.6pt
Footskip: 6.8pt
Columnsep and columnseprule: 10pt and 0pt
Marginparsep and marginparwidth: 7pt and 1pt
Sidecapsep and sidecapwidth: 7pt and 51pt
Sidebarhsep and sidebarwidth: 7pt and 51pt
Sidebarvsep and sidebartopsep: 13.6pt and 0pt
Sidebarheight: 349.52011pt
Sidefoothsep and sidefootwidth: 7pt and 51pt
Sidefootvsep and sidefootheight: 13.6pt and 349.52011pt
******************************************************

(./main-sanctSacra.aux

! Package babel Error: You haven't defined the language latin yet.

See the babel package documentation for explanation.
Type  H <return>  for immediate help.
 ...                                              
                                                  
l.4 \select@language{latin}
                         
? 
)
LaTeX Font Info:    Checking defaults for OML/cmm/m/it on input line 90.
LaTeX Font Info:    ... okay on input line 90.
LaTeX Font Info:    Checking defaults for T1/cmr/m/n on input line 90.
LaTeX Font Info:    ... okay on input line 90.
LaTeX Font Info:    Checking defaults for OT1/cmr/m/n on input line 90.
LaTeX Font Info:    ... okay on input line 90.
LaTeX Font Info:    Checking defaults for OMS/cmsy/m/n on input line 90.
LaTeX Font Info:    ... okay on input line 90.
LaTeX Font Info:    Checking defaults for OMX/cmex/m/n on input line 90.
LaTeX Font Info:    ... okay on input line 90.
LaTeX Font Info:    Checking defaults for U/cmr/m/n on input line 90.
LaTeX Font Info:    ... okay on input line 90.
LaTeX Font Info:    Checking defaults for EU2/lmr/m/n on input line 90.
LaTeX Font Info:    ... okay on input line 90.
LaTeX Font Info:    Checking defaults for T3/cmr/m/n on input line 90.
LaTeX Font Info:    Try loading font information for T3+cmr on input line 90.
 (/usr/share/texmf/tex/latex/tipa/t3cmr.fd
File: t3cmr.fd 2001/12/31 TIPA font definitions
)
LaTeX Font Info:    ... okay on input line 90.
luaotfload | load : auto-selecting default features for script: latn
luaotfload | load : no defaults for script “latn”, falling back to “dflt
”
(/usr/share/texlive/texmf-dist/tex/context/base/supp-pdf.mkii
[Loading MPS to PDF converter (version 2006.09.02).]
\scratchcounter=\count351
\scratchdimen=\dimen374
\scratchbox=\box288
\nofMPsegments=\count352
\nofMParguments=\count353
\everyMPshowfont=\toks38
\MPscratchCnt=\count354
\MPscratchDim=\dimen375
\MPnumerator=\count355
\makeMPintoPDFobject=\count356
\everyMPtoPDFconversion=\toks39
) (/usr/share/texlive/texmf-dist/tex/latex/oberdiek/epstopdf-base.sty
Package: epstopdf-base 2010/02/09 v2.5 Base part for package epstopdf

(/usr/share/texlive/texmf-dist/tex/latex/oberdiek/grfext.sty
Package: grfext 2010/08/19 v1.1 Manage graphics extensions (HO)

(/usr/share/texlive/texmf-dist/tex/generic/oberdiek/kvdefinekeys.sty
Package: kvdefinekeys 2011/04/07 v1.3 Define keys (HO)
))
(/usr/share/texlive/texmf-dist/tex/latex/oberdiek/kvoptions.sty
Package: kvoptions 2011/06/30 v3.11 Key value format for package options (HO)

(/usr/share/texlive/texmf-dist/tex/generic/oberdiek/kvsetkeys.sty
Package: kvsetkeys 2012/04/25 v1.16 Key value parser (HO)

(/usr/share/texlive/texmf-dist/tex/generic/oberdiek/etexcmds.sty
Package: etexcmds 2011/02/16 v1.5 Avoid name clashes with e-TeX commands (HO)
)))
Package grfext Info: Graphics extension search list:
(grfext)             [.png,.pdf,.jpg,.mps,.jpeg,.jbig2,.jb2,.PNG,.PDF,.JPG,.JPEG
,.JBIG2,.JB2,.eps]
(grfext)             \AppendGraphicsExtensions on input line 452.

(/usr/share/texlive/texmf-dist/tex/latex/latexconfig/epstopdf-sys.cfg
File: epstopdf-sys.cfg 2010/07/13 v1.3 Configuration of (r)epstopdf for TeX Live

))
*geometry* driver: auto-detecting
*geometry* detected driver: pdftex
*geometry* verbose mode - [ preamble ] result:
* driver: pdftex
* paper: a5paper
* layout: <same size as paper>
* layoutoffset:(h,v)=(0.0pt,0.0pt)
* modes: twoside 
* h-part:(L,W,R)=(50.5326pt, 294.76926pt, 75.79893pt)
* v-part:(T,H,B)=(71.70166pt, 418.25368pt, 107.55254pt)
* \paperwidth=421.10078pt
* \paperheight=597.50787pt
* \textwidth=398.0pt
* \textheight=555.00024pt
* \oddsidemargin=-64.0pt
* \evensidemargin=-57.0pt
* \topmargin=-67.0627pt
* \headheight=6.8pt
* \headsep=13.6pt
* \topskip=11.0pt
* \footskip=6.8pt
* \marginparwidth=1.0pt
* \marginparsep=7.0pt
* \columnsep=10.0pt
* \skip\footins=12.0pt plus 4.0pt minus 4.0pt
* \hoffset=0.0pt
* \voffset=0.0pt
* \mag=1000
* \@twocolumnfalse
* \@twosidetrue
* \@mparswitchtrue
* \@reversemarginfalse
* (1in=72.27pt=25.4mm, 1cm=28.453pt)

ABD: EveryShipout initializing macros
luaotfload | load : auto-selecting default features for script: latn
luaotfload | load : no defaults for script “latn”, falling back to “dflt
”
luaotfload | load : loading the Adobe glyph list(save: /home/ftherese/.texmf-var
/luatex-cache/generic/fonts/otf/lmroman17-regular.lua)(save: /home/ftherese/.tex
mf-var/luatex-cache/generic/fonts/otf/lmroman17-regular.luc)
LaTeX Font Info:    Try loading font information for U+webo on input line 92.

(/usr/local/share/texmf/tex/latex/webomints/uwebo.fd
File: uwebo.fd 2002/05/28 font definitions for U/webo.
)
LaTeX Font Info:    Font shape `U/webo/xl/n' will be
(Font)              scaled to size 11.99997pt on input line 92.
luaotfload | load : auto-selecting default features for script: dflt
luaotfload | load : auto-selecting default features for script: latn
luaotfload | load : no defaults for script “latn”, falling back to “dflt
”(save: /home/ftherese/.texmf-var/luatex-cache/generic/fonts/otf/lmroman12-reg
ular.lua)(save: /home/ftherese/.texmf-var/luatex-cache/generic/fonts/otf/lmroman
12-regular.luc)
luaotfload | load : auto-selecting default features for script: latn
luaotfload | load : no defaults for script “latn”, falling back to “dflt
”(save: /home/ftherese/.texmf-var/luatex-cache/generic/fonts/otf/lmroman12-ita
lic.lua)(save: /home/ftherese/.texmf-var/luatex-cache/generic/fonts/otf/lmroman1
2-italic.luc)
luaotfload | load : auto-selecting default features for script: latn
luaotfload | load : no defaults for script “latn”, falling back to “dflt
”(save: /home/ftherese/.texmf-var/luatex-cache/generic/fonts/otf/lmromancaps10
-regular.lua)(save: /home/ftherese/.texmf-var/luatex-cache/generic/fonts/otf/lmr
omancaps10-regular.luc) [1

{/var/lib/texmf/fonts/map/pdftex/updmap/pdftex.map}]
\g__file_internal_ior=\read3
luaotfload | load : auto-selecting default features for script: dflt
luaotfload | resolve : Font family='warnockpro', subfamily='regular' found: Warn
ockPro-Regular.otf(save: /home/ftherese/.texmf-var/luatex-cache/generic/fonts/ot
f/warnockpro-regular.lua)(save: /home/ftherese/.texmf-var/luatex-cache/generic/f
onts/otf/warnockpro-regular.luc)
luaotfload | load : auto-selecting default features for script: dflt
luaotfload | resolve : Font family='warnockpro', subfamily='regular' found: Warn
ockPro-Regular.otf
luaotfload: font no 33 (WarnockPro-Regular) defines feature pnum for script latn
luaotfload: font no 33 (WarnockPro-Regular) defines feature pnum for script latn
luaotfload: font no 33 (WarnockPro-Regular) defines feature dlig for script latn
 with language dflt
\g_fontspec_family_Warnock Pro_int=\count357
luaotfload | load : auto-selecting default features for script: dflt
luaotfload | resolve : Font family='warnockpro', subfamily='regular' found: Warn
ockPro-Regular.otf
luaotfload: font no 33 (WarnockPro-Regular) defines feature dlig for script latn
 with language dflt
luaotfload: font no 33 (WarnockPro-Regular) defines feature smcp for script latn
 with language dflt
luaotfload: font no 33 (WarnockPro-Regular) defines feature dlig for script latn
 with language dflt
luaotfload: font no 33 (WarnockPro-Regular) defines feature smcp for script latn
 with language dflt
luaotfload | load : auto-selecting default features for script: dflt
luaotfload | resolve : Font family='warnockpro', subfamily='regular' found: Warn
ockPro-Regular.otf
luaotfload | load : auto-selecting default features for script: dflt
luaotfload | resolve : Font family='warnockpro', subfamily='bold' found: Warnock
Pro-Bold.otf(save: /home/ftherese/.texmf-var/luatex-cache/generic/fonts/otf/warn
ockpro-bold.lua)(save: /home/ftherese/.texmf-var/luatex-cache/generic/fonts/otf/
warnockpro-bold.luc)
luaotfload | load : auto-selecting default features for script: dflt
luaotfload | resolve : Font family='warnockpro', subfamily='bold' found: Warnock
Pro-Bold.otf
luaotfload: font no 34 (WarnockPro-Bold) defines feature dlig for script latn wi
th language dflt
luaotfload: font no 34 (WarnockPro-Bold) defines feature smcp for script latn wi
th language dflt
luaotfload: font no 34 (WarnockPro-Bold) defines feature dlig for script latn wi
th language dflt
luaotfload: font no 34 (WarnockPro-Bold) defines feature smcp for script latn wi
th language dflt
luaotfload | load : auto-selecting default features for script: dflt
luaotfload | resolve : Font family='warnockpro', subfamily='regular' found: Warn
ockPro-Regular.otf
luaotfload | load : auto-selecting default features for script: dflt
luaotfload | resolve : Font family='warnockpro', subfamily='italic' found: Warno
ckPro-It.otf(save: /home/ftherese/.texmf-var/luatex-cache/generic/fonts/otf/warn
ockpro-it.lua)(save: /home/ftherese/.texmf-var/luatex-cache/generic/fonts/otf/wa
rnockpro-it.luc)
luaotfload | load : auto-selecting default features for script: dflt
luaotfload | resolve : Font family='warnockpro', subfamily='italic' found: Warno
ckPro-It.otf
luaotfload: font no 35 (WarnockPro-It) defines feature dlig for script latn with
 language dflt
luaotfload: font no 35 (WarnockPro-It) defines feature smcp for script latn with
 language dflt
luaotfload: font no 35 (WarnockPro-It) defines feature dlig for script latn with
 language dflt
luaotfload: font no 35 (WarnockPro-It) defines feature smcp for script latn with
 language dflt
luaotfload | load : auto-selecting default features for script: dflt
luaotfload | resolve : Font family='warnockpro', subfamily='regular' found: Warn
ockPro-Regular.otf
luaotfload | load : auto-selecting default features for script: dflt
luaotfload | resolve : Font family='warnockpro', subfamily='bolditalic' found: W
arnockPro-BoldIt.otf(save: /home/ftherese/.texmf-var/luatex-cache/generic/fonts/
otf/warnockpro-boldit.lua)(save: /home/ftherese/.texmf-var/luatex-cache/generic/
fonts/otf/warnockpro-boldit.luc)
luaotfload | load : auto-selecting default features for script: dflt
luaotfload | resolve : Font family='warnockpro', subfamily='bolditalic' found: W
arnockPro-BoldIt.otf
luaotfload: font no 36 (WarnockPro-BoldIt) defines feature dlig for script latn 
with language dflt
luaotfload: font no 36 (WarnockPro-BoldIt) defines feature smcp for script latn 
with language dflt
luaotfload: font no 36 (WarnockPro-BoldIt) defines feature dlig for script latn 
with language dflt
luaotfload: font no 36 (WarnockPro-BoldIt) defines feature smcp for script latn 
with language dflt
.................................................
. fontspec info: "defining-font"
. 
. Font family 'WarnockPro(0)' created for font 'Warnock Pro' with options
. [Ligatures={Rare,TeX}].
. 
. This font family consists of the following shapes:
. 
. * 'normal' with NFSS spec.:
. <->"WarnockPro:mode=node;script=latn;language=DFLT;+dlig;+tlig;+trep;"
. 
. * 'small caps' with NFSS spec.:
. 
. <->"WarnockPro:mode=node;script=latn;language=DFLT;+dlig;+tlig;+trep;+smcp;"
. 
. * 'bold' with NFSS spec.:
. <->"WarnockPro/B:mode=node;script=latn;language=DFLT;+dlig;+tlig;+trep;"
. 
. * 'bold small caps' with NFSS spec.:
. 
. <->"WarnockPro/B:mode=node;script=latn;language=DFLT;+dlig;+tlig;+trep;+smcp;"

. 
. * 'italic' with NFSS spec.:
. <->"WarnockPro/I:mode=node;script=latn;language=DFLT;+dlig;+tlig;+trep;"
. 
. * 'italic small caps' with NFSS spec.:
. 
. <->"WarnockPro/I:mode=node;script=latn;language=DFLT;+dlig;+tlig;+trep;+smcp;"

. 
. * 'bold italic' with NFSS spec.:
. <->"WarnockPro/BI:mode=node;script=latn;language=DFLT;+dlig;+tlig;+trep;"
. 
. * 'bold italic small caps' with NFSS spec.:
. 
. <->"WarnockPro/BI:mode=node;script=latn;language=DFLT;+dlig;+tlig;+trep;+smcp;
"
.................................................
luaotfload | load : auto-selecting default features for script: latn
luaotfload | load : no defaults for script “latn”, falling back to “dflt
”
luaotfload | resolve : Font family='warnockpro', subfamily='regular' found: Warn
ockPro-Regular.otf
luaotfload | load : auto-selecting default features for script: latn
luaotfload | load : no defaults for script “latn”, falling back to “dflt
”
luaotfload | resolve : Font family='warnockpro', subfamily='regular' found: Warn
ockPro-Subh.otf(save: /home/ftherese/.texmf-var/luatex-cache/generic/fonts/otf/w
arnockpro-subh.lua)(save: /home/ftherese/.texmf-var/luatex-cache/generic/fonts/o
tf/warnockpro-subh.luc)
luaotfload | load : auto-selecting default features for script: latn
luaotfload | load : no defaults for script “latn”, falling back to “dflt
”
luaotfload | resolve : Font family='warnockpro', subfamily='regular' found: Warn
ockPro-Subh.otf
luaotfload | load : auto-selecting default features for script: dflt
luaotfload | resolve : Font family='greciliae', subfamily='regular' found: greci
liae.ttf(save: /home/ftherese/.texmf-var/luatex-cache/generic/fonts/otf/grecilia
e.lua)(save: /home/ftherese/.texmf-var/luatex-cache/generic/fonts/otf/greciliae.
luc)
luaotfload | load : auto-selecting default features for script: latn
luaotfload | load : no defaults for script “latn”, falling back to “dflt
”
luaotfload | resolve : Font family='warnockpro', subfamily='regular' found: Warn
ockPro-Regular.otf
luaotfload | load : auto-selecting default features for script: latn
luaotfload | load : no defaults for script “latn”, falling back to “dflt
”
luaotfload | resolve : Font family='warnockpro', subfamily='regular' found: Warn
ockPro-Regular.otf
luaotfload | load : auto-selecting default features for script: latn
luaotfload | load : no defaults for script “latn”, falling back to “dflt
”
luaotfload | resolve : Font family='warnockpro', subfamily='bold' found: Warnock
Pro-Bold.otf (./TantumErgo.tex
luatexbase-mcb: inserting 'gregoriotex.callback'
at position 1 in 'post_linebreak_filter'
luatexbase-mcb: inserting 'gregoriotex.disable_hyphenation'
at position 1 in 'hyphenate'
luaotfload | load : auto-selecting default features for script: latn
luaotfload | load : no defaults for script “latn”, falling back to “dflt
”
luaotfload | resolve : Font family='warnockpro', subfamily='regular' found: Warn
ockPro-Disp.otf(save: /home/ftherese/.texmf-var/luatex-cache/generic/fonts/otf/w
arnockpro-disp.lua)(save: /home/ftherese/.texmf-var/luatex-cache/generic/fonts/o
tf/warnockpro-disp.luc)
luatexbase-mcb: removing 'gregoriotex.callback'
from 'post_linebreak_filter'
luatexbase-mcb: removing 'gregoriotex.disable_hyphenation'
from 'hyphenate')
(./TantumErgo_v2.tex
luatexbase-mcb: inserting 'gregoriotex.callback'
at position 1 in 'post_linebreak_filter'
luatexbase-mcb: inserting 'gregoriotex.disable_hyphenation'
at position 1 in 'hyphenate'
luatexbase-mcb: removing 'gregoriotex.callback'
from 'post_linebreak_filter'
luatexbase-mcb: removing 'gregoriotex.disable_hyphenation'
from 'hyphenate') (./TantumErgo_v3.tex [2

]
luatexbase-mcb: inserting 'gregoriotex.callback'
at position 1 in 'post_linebreak_filter'
luatexbase-mcb: inserting 'gregoriotex.disable_hyphenation'
at position 1 in 'hyphenate'
luatexbase-mcb: removing 'gregoriotex.callback'
from 'post_linebreak_filter'
luatexbase-mcb: removing 'gregoriotex.disable_hyphenation'
from 'hyphenate') (./OSalutaris.tex
luatexbase-mcb: inserting 'gregoriotex.callback'
at position 1 in 'post_linebreak_filter'
luatexbase-mcb: inserting 'gregoriotex.disable_hyphenation'
at position 1 in 'hyphenate'
Underfull \vbox (badness 2057) has occurred while \output is active []

 [3]
luatexbase-mcb: removing 'gregoriotex.callback'
from 'post_linebreak_filter'
luatexbase-mcb: removing 'gregoriotex.disable_hyphenation'
from 'hyphenate')
(./OSalutaris_v2.tex
luatexbase-mcb: inserting 'gregoriotex.callback'
at position 1 in 'post_linebreak_filter'
luatexbase-mcb: inserting 'gregoriotex.disable_hyphenation'
at position 1 in 'hyphenate'
luatexbase-mcb: removing 'gregoriotex.callback'
from 'post_linebreak_filter'
luatexbase-mcb: removing 'gregoriotex.disable_hyphenation'
from 'hyphenate') (./O_salutaris_Hostia_III.tex
luatexbase-mcb: inserting 'gregoriotex.callback'
at position 1 in 'post_linebreak_filter'
luatexbase-mcb: inserting 'gregoriotex.disable_hyphenation'
at position 1 in 'hyphenate'
luatexbase-mcb: removing 'gregoriotex.callback'
from 'post_linebreak_filter'
luatexbase-mcb: removing 'gregoriotex.disable_hyphenation'
from 'hyphenate')
Underfull \vbox (badness 10000) has occurred while \output is active []

 [4]
(./Adoremus_and_Laudate_Dominum_I.tex
luatexbase-mcb: inserting 'gregoriotex.callback'
at position 1 in 'post_linebreak_filter'
luatexbase-mcb: inserting 'gregoriotex.disable_hyphenation'
at position 1 in 'hyphenate'
luaotfload | load : auto-selecting default features for script: latn
luaotfload | load : no defaults for script “latn”, falling back to “dflt
”
luaotfload | resolve : Font family='warnockpro', subfamily='italic' found: Warno
ckPro-It.otf
Underfull \hbox (badness 10000) in paragraph at lines 4--500
[]
 []

luatexbase-mcb: removing 'gregoriotex.callback'
from 'post_linebreak_filter'
luatexbase-mcb: removing 'gregoriotex.disable_hyphenation'
from 'hyphenate') (./Adoremus_and_Laudate_Dominum_II.tex
luatexbase-mcb: inserting 'gregoriotex.callback'
at position 1 in 'post_linebreak_filter'
luatexbase-mcb: inserting 'gregoriotex.disable_hyphenation'
at position 1 in 'hyphenate' [5]
luatexbase-mcb: removing 'gregoriotex.callback'
from 'post_linebreak_filter'
luatexbase-mcb: removing 'gregoriotex.disable_hyphenation'
from 'hyphenate')
(./Adoremus_and_Laudate_Dominum_III.tex
luatexbase-mcb: inserting 'gregoriotex.callback'
at position 1 in 'post_linebreak_filter'
luatexbase-mcb: inserting 'gregoriotex.disable_hyphenation'
at position 1 in 'hyphenate'
luatexbase-mcb: removing 'gregoriotex.callback'
from 'post_linebreak_filter'
luatexbase-mcb: removing 'gregoriotex.disable_hyphenation'
from 'hyphenate')
Underfull \vbox (badness 10000) has occurred while \output is active []

 [6]
(./Adoro_te_devote.tex
luatexbase-mcb: inserting 'gregoriotex.callback'
at position 1 in 'post_linebreak_filter'
luatexbase-mcb: inserting 'gregoriotex.disable_hyphenation'
at position 1 in 'hyphenate'
luatexbase-mcb: removing 'gregoriotex.callback'
from 'post_linebreak_filter'
luatexbase-mcb: removing 'gregoriotex.disable_hyphenation'
from 'hyphenate') (./Adoro_te_devote-verses.tex
Underfull \hbox (badness 10000) in paragraph at lines 1--5

 []


Underfull \hbox (badness 10000) in paragraph at lines 6--10

 []


Underfull \hbox (badness 10000) in paragraph at lines 11--15

 []


Underfull \hbox (badness 10000) in paragraph at lines 16--20

 []


Underfull \hbox (badness 10000) in paragraph at lines 21--25

 []


Underfull \hbox (badness 10000) in paragraph at lines 26--30

 []

) [7] (./Anima_Christi.tex
luatexbase-mcb: inserting 'gregoriotex.callback'
at position 1 in 'post_linebreak_filter'
luatexbase-mcb: inserting 'gregoriotex.disable_hyphenation'
at position 1 in 'hyphenate'
luatexbase-mcb: removing 'gregoriotex.callback'
from 'post_linebreak_filter'
luatexbase-mcb: removing 'gregoriotex.disable_hyphenation'
from 'hyphenate') (./Ave_Verum.tex
luatexbase-mcb: inserting 'gregoriotex.callback'
at position 1 in 'post_linebreak_filter'
luatexbase-mcb: inserting 'gregoriotex.disable_hyphenation'
at position 1 in 'hyphenate' [8

]
luatexbase-mcb: removing 'gregoriotex.callback'
from 'post_linebreak_filter'
luatexbase-mcb: removing 'gregoriotex.disable_hyphenation'
from 'hyphenate') (./Ecce_panis_Angelorum.tex
luatexbase-mcb: inserting 'gregoriotex.callback'
at position 1 in 'post_linebreak_filter'
luatexbase-mcb: inserting 'gregoriotex.disable_hyphenation'
at position 1 in 'hyphenate'
[9]
luatexbase-mcb: removing 'gregoriotex.callback'
from 'post_linebreak_filter'
luatexbase-mcb: removing 'gregoriotex.disable_hyphenation'
from 'hyphenate') (./O_Panis_dulcissime.tex
luatexbase-mcb: inserting 'gregoriotex.callback'
at position 1 in 'post_linebreak_filter'
luatexbase-mcb: inserting 'gregoriotex.disable_hyphenation'
at position 1 in 'hyphenate'
luatexbase-mcb: removing 'gregoriotex.callback'
from 'post_linebreak_filter'
luatexbase-mcb: removing 'gregoriotex.disable_hyphenation'
from 'hyphenate') [10] (./Panis_angelicus.tex
luatexbase-mcb: inserting 'gregoriotex.callback'
at position 1 in 'post_linebreak_filter'
luatexbase-mcb: inserting 'gregoriotex.disable_hyphenation'
at position 1 in 'hyphenate'
luatexbase-mcb: removing 'gregoriotex.callback'
from 'post_linebreak_filter'
luatexbase-mcb: removing 'gregoriotex.disable_hyphenation'
from 'hyphenate') (./Ubi_caritas.tex
luatexbase-mcb: inserting 'gregoriotex.callback'
at position 1 in 'post_linebreak_filter'
luatexbase-mcb: inserting 'gregoriotex.disable_hyphenation'
at position 1 in 'hyphenate' [11

]
luatexbase-mcb: removing 'gregoriotex.callback'
from 'post_linebreak_filter'
luatexbase-mcb: removing 'gregoriotex.disable_hyphenation'
from 'hyphenate') [12] (./main-sanctSacra.aux) )

Here is how much of LuaTeX's memory you used:
 28785 strings out of 494830
 745195,662416 words of node,token memory allocated
 596712 words of node memory still in use:
   20441 hlist, 3379 vlist, 13533 rule, 33901 glue, 13535 kern, 94 penalty, 6877
 glyph, 13581 attribute, 233 glue_spec, 6796 attribute_list, 2 write, 92 pdf_lit
eral, 184 pdf_colorstack nodes
   avail lists: 1:4,2:8419,3:1439,4:598,5:2150,6:1634,7:282,8:1,9:975,10:124
 31253 multiletter control sequences out of 65536+600000
 45 fonts using 4512727 bytes
 61i,11n,55p,615b,276s stack positions out of 5000i,500n,10000p,200000b,100000s
</usr/share/texmf/fonts/truetype/public/gregoriotex/gresym.ttf></usr/share/fonts
/truetype/WarnockPro-It.otf></usr/share/fonts/truetype/WarnockPro-Regular.otf></
usr/share/texmf/fonts/truetype/public/gregoriotex/greciliae.ttf></usr/share/font
s/truetype/WarnockPro-Bold.otf></usr/share/fonts/truetype/WarnockPro-Disp.otf></
usr/share/fonts/truetype/WarnockPro-Subh.otf></usr/share/texmf/fonts/opentype/pu
blic/lm/lmromancaps10-regular.otf></usr/share/texmf/fonts/opentype/public/lm/lmr
oman12-regular.otf></usr/share/texmf/fonts/opentype/public/lm/lmroman12-italic.o
tf></usr/share/texmf/fonts/opentype/public/lm/lmroman17-regular.otf></usr/local/
share/texmf/fonts/type1/public/webomints/WebOMintsGD.pfb>
Output written on main-sanctSacra.pdf (12 pages, 89069 bytes).

PDF statistics: 127 PDF objects out of 1000 (max. 8388607)
 78 compressed objects within 1 object stream
 0 named destinations out of 1000 (max. 131072)
 16 words of extra memory for PDF output out of 10000 (max. 10000000)

