This is LuaTeX, Version beta-0.70.2-2012091206 (TeX Live 2012/Debian) (format=lualatex 2013.4.22)  27 APR 2013 17:22
 restricted \write18 enabled.
**main-sanctSacra.tex
(./main-sanctSacra.tex
LaTeX2e <2011/06/27>
LuaTeX adaptation of babel <v3.8m-luatex-1.5> and hyphenation patterns for engl
ish, dumylang, nohyphenation, loaded.
(/usr/share/texlive/texmf-dist/tex/latex/memoir/memoir.cls
Document Class: memoir 2011/03/06 v3.6j configurable book, report, article docu
ment class
\onelineskip=\skip41
\lxvchars=\skip42
\xlvchars=\skip43
\@memcnta=\count79
\c@@memmarkcntra=\count80
(/usr/share/texlive/texmf-dist/tex/generic/oberdiek/ifpdf.sty
Package: ifpdf 2011/01/30 v2.3 Provides the ifpdf switch (HO)
Package ifpdf Info: pdfTeX in PDF mode is detected.
)
(/usr/share/texlive/texmf-dist/tex/latex/ifetex/ifetex.sty
Package: ifetex 2011/12/15 v1.2 ifetex

(/usr/share/texlive/texmf-dist/tex/plain/ifetex/ifetex.tex))
(/usr/share/texlive/texmf-dist/tex/generic/ifxetex/ifxetex.sty
Package: ifxetex 2010/09/12 v0.6 Provides ifxetex conditional
)
(/usr/share/texlive/texmf-dist/tex/generic/oberdiek/ifluatex.sty
Package: ifluatex 2010/03/01 v1.3 Provides the ifluatex switch (HO)
Package ifluatex Info: LuaTeX detected.
)
\stockheight=\skip44
\stockwidth=\skip45
\trimtop=\skip46
\trimedge=\skip47

(/usr/share/texlive/texmf-dist/tex/latex/etex-pkg/etex.sty
Package: etex 1998/03/26 v2.0 eTeX basic definition package (PEB)
\et@xins=\count81
)
(/usr/share/texlive/texmf-dist/tex/latex/memoir/mem11.clo
File: mem11.clo 2008/01/30 v0.3 memoir class 11pt size option
)
\binding=\skip48
\spinemargin=\skip49
\foremargin=\skip50
\uppermargin=\skip51
\lowermargin=\skip52
\headdrop=\skip53
\normalrulethickness=\skip54
\mem@maxheadheight=\skip55
\mem@maxfootheight=\skip56
\headwidth=\skip57
\c@storedpagenumber=\count82
\memPD=\dimen102
\m@mabparskip=\skip58
\thanksmarkwidth=\skip59
\thanksmarksep=\skip60
\droptitle=\skip61
\c@book=\count83
\c@part=\count84
\c@chapter=\count85
\c@section=\count86
\c@subsection=\count87
\c@subsubsection=\count88
\c@paragraph=\count89
\c@subparagraph=\count90
\beforechapskip=\skip62
\midchapskip=\skip63
\afterchapskip=\skip64
\chapindent=\skip65
\bottomsectionskip=\skip66
\secindent=\skip67
\beforesecskip=\skip68
\aftersecskip=\skip69
\subsecindent=\skip70
\beforesubsecskip=\skip71
\aftersubsecskip=\skip72
\subsubsecindent=\skip73
\beforesubsubsecskip=\skip74
\aftersubsubsecskip=\skip75
\paraindent=\skip76
\beforeparaskip=\skip77
\afterparaskip=\skip78
\subparaindent=\skip79
\beforesubparaskip=\skip80
\aftersubparaskip=\skip81
\pfbreakskip=\skip82
\c@@ppsavesec=\count91
\c@@ppsaveapp=\count92
\ragrparindent=\dimen103
\everylistparindent=\dimen104
\parsepi=\skip83
\topsepi=\skip84
\itemsepi=\skip85
\parsepii=\skip86
\topsepii=\skip87
\topsepiii=\skip88
\itemsepii=\skip89
\itemsepiii=\skip90
\partopsepii=\skip91
\partopsepiii=\skip92
\m@msavetopsep=\skip93
\m@msavepartopsep=\skip94
\@enLab=\toks14
\abstitleskip=\skip95
\absleftindent=\skip96
\abs@leftindent=\dimen105
\absrightindent=\skip97
\absparindent=\skip98
\absparsep=\skip99
\c@vslineno=\count93
\c@poemline=\count94
\c@modulo@vs=\count95
\c@memfvsline=\count96
\vleftskip=\skip100
\vrightskip=\skip101
\stanzaskip=\skip102
\versewidth=\skip103
\vgap=\skip104
\vindent=\skip105
\vleftmargin=\dimen106
\c@verse=\count97
\c@chrsinstr=\count98
\beforepoemtitleskip=\skip106
\afterpoemtitleskip=\skip107
\c@poem=\count99
\beforePoemTitleskip=\skip108
\midPoemTitleskip=\skip109
\afterPoemTitleskip=\skip110
\col@sep=\dimen107
\extrarowheight=\dimen108
\NC@list=\toks15
\extratabsurround=\skip111
\backup@length=\skip112
\TX@col@width=\dimen109
\TX@old@table=\dimen110
\TX@old@col=\dimen111
\TX@target=\dimen112
\TX@delta=\dimen113
\TX@cols=\count100
\TX@ftn=\toks16
\heavyrulewidth=\dimen114
\lightrulewidth=\dimen115
\cmidrulewidth=\dimen116
\belowrulesep=\dimen117
\belowbottomsep=\dimen118
\aboverulesep=\dimen119
\abovetopsep=\dimen120
\cmidrulesep=\dimen121
\cmidrulekern=\dimen122
\defaultaddspace=\dimen123
\@cmidla=\count101
\@cmidlb=\count102
\@aboverulesep=\dimen124
\@belowrulesep=\dimen125
\@thisruleclass=\count103
\@lastruleclass=\count104
\@thisrulewidth=\dimen126
\ctableftskip=\skip113
\ctabrightskip=\skip114
\abovecolumnspenalty=\count105
\@linestogo=\count106
\@cellstogo=\count107
\@cellsincolumn=\count108
\crtok=\toks17
\@mincolumnwidth=\dimen127
\c@newflo@tctr=\count109
\mem@margin@floatbox=\box26
\@contcwidth=\skip115
\@contindw=\skip116
\abovecaptionskip=\skip117
\belowcaptionskip=\skip118
\subfloattopskip=\skip119
\subfloatcapskip=\skip120
\subfloatcaptopadj=\skip121
\subfloatbottomskip=\skip122
\subfloatlabelskip=\skip123
\subfloatcapmargin=\dimen128
\c@@contsubnum=\count110
\m@mscap@capbox=\box27
\m@mscap@fbox=\box28
\sidecapsep=\dimen129
\sidecapwidth=\dimen130
\m@m@tempdima=\dimen131
\m@mscapraise=\dimen132
\sidecapraise=\dimen133
\m@mscapmainwidth=\dimen134
\m@mscaplkern=\dimen135
\beforeepigraphskip=\skip124
\afterepigraphskip=\skip125
\epigraphwidth=\skip126
\epigraphrule=\skip127
LaTeX Info: Redefining \em on input line 7377.
LaTeX Info: Redefining \emph on input line 7385.
\tocentryskip=\skip128
\tocbaseline=\skip129
\cftparskip=\skip130
\cftbeforebookskip=\skip131
\cftbookindent=\dimen136
\cftbooknumwidth=\dimen137
\cftbeforepartskip=\skip132
\cftpartindent=\skip133
\cftpartnumwidth=\skip134
\cftbeforechapterskip=\skip135
\cftchapterindent=\skip136
\cftchapternumwidth=\skip137
\cftbeforesectionskip=\skip138
\cftsectionindent=\skip139
\cftsectionnumwidth=\skip140
\cftbeforesubsectionskip=\skip141
\cftsubsectionindent=\skip142
\cftsubsectionnumwidth=\skip143
\cftbeforesubsubsectionskip=\skip144
\cftsubsubsectionindent=\skip145
\cftsubsubsectionnumwidth=\skip146
\cftbeforeparagraphskip=\skip147
\cftparagraphindent=\skip148
\cftparagraphnumwidth=\skip149
\cftbeforesubparagraphskip=\skip150
\cftsubparagraphindent=\skip151
\cftsubparagraphnumwidth=\skip152
\prechapterprecisshift=\dimen138
\c@maxsecnumdepth=\count111
\bibindent=\dimen139
\bibitemsep=\skip153
\indexcolsep=\skip154
\indexrule=\skip155
\indexmarkstyle=\toks18
\@indexbox=\insert233
\glossarycolsep=\dimen140
\glossaryrule=\dimen141
\sideparvshift=\skip156
\sideins=\insert232
\sidebartopsep=\skip157
\sidebarhsep=\skip158
\sidebarvsep=\skip159
\sidebarwidth=\skip160
\footmarkwidth=\skip161
\footmarksep=\skip162
\footparindent=\skip163
\footinsdim=\skip164
\footinsv@r=\insert231
\@mpfootinsv@r=\insert230
\m@m@k=\count112
\m@m@h=\dimen142
\m@mipn@skip=\skip165
\sidefootins=\insert229
\sidefootadjust=\skip166
\sidefootheight=\skip167
\sidefoothsep=\skip168
\sidefootvsep=\skip169
\sidefootwidth=\skip170
\m@mdownsf=\skip171
\c@sidefootnote=\count113
\sidefootmarkwidth=\skip172
\sidefootmarksep=\skip173
\sidefootparindent=\skip174
\c@pagenote=\count114
\c@pagenoteshadow=\count115
\mem@pn@lastkern=\skip175
\every@verbatim=\toks19
\afterevery@verbatim=\toks20
\verbatim@line=\toks21
\tab@position=\count116
\verbatim@in@stream=\read1
\verbatimindent=\skip176
\verbatim@out=\write3
\bvboxsep=\skip177
\c@memfbvline=\count117
\c@bvlinectr=\count118
\bvnumlength=\skip178
\fb@frw=\dimen143
\fb@frh=\dimen144
\FrameRule=\dimen145
\FrameSep=\dimen146
\c@cp@cntr=\count119
LaTeX Info: Redefining \: on input line 11807.
LaTeX Info: Redefining \! on input line 11809.
\c@ism@mctr=\count120
\c@xsm@mctr=\count121
\c@csm@mctr=\count122
\c@ksm@mctr=\count123
\c@xksm@mctr=\count124
\c@cksm@mctr=\count125
\c@msm@mctr=\count126
\c@xmsm@mctr=\count127
\c@cmsm@mctr=\count128
\c@bsm@mctr=\count129
\c@workm@mctr=\count130
\c@sheetsequence=\count131
\c@lastsheet=\count132
\c@lastpage=\count133
\c@figure=\count134
\c@lofdepth=\count135
\cftbeforefigureskip=\skip179
\cftfigureindent=\skip180
\cftfigurenumwidth=\skip181
\c@table=\count136
\c@lotdepth=\count137
\cftbeforetableskip=\skip182
\cfttableindent=\skip183
\cfttablenumwidth=\skip184
Package abstract [2008/07/23] emulated by memoir.
Package appendix [2008/07/23] emulated by memoir.
Package array [2008/07/23] emulated by memoir.
Package booktabs [2008/07/23] emulated by memoir.
Package ccaption [2008/07/23] emulated by memoir.
Package changepage [2008/07/23] emulated by memoir.
Package chngcntr [2008/07/23] emulated by memoir.
Package chngpage [2008/07/23] emulated by memoir.
Package crop emulated by memoir.
Package dcolumn [2008/07/23] emulated by memoir.
Package delarray [2008/07/23] emulated by memoir.
Package enumerate [2008/07/23] emulated by memoir.
Package epigraph [2008/07/23] emulated by memoir.
Package ifmtarg [2008/07/23] emulated by memoir.
Package index [2008/07/23] emulated by memoir.
Package makeidx [2008/07/23] emulated by memoir.
Package moreverb [2008/07/23] emulated by memoir.
Package mparhack [2008/07/23] emulated by memoir.
Package needspace [2008/07/23] emulated by memoir.
Package newfile [2008/07/23] emulated by memoir.
Package nextpage [2008/07/23] emulated by memoir.
Package pagenote [2008/07/23] emulated by memoir.
Package parskip [2008/07/23] emulated by memoir.
Package patchcmd [2008/07/23] emulated by memoir.
Package setspace [2008/07/23] emulated by memoir.
Package shortvrb [2008/07/23] emulated by memoir.
Package showidx [2008/07/23] emulated by memoir.
Package tabularx [2008/07/23] emulated by memoir.
Package titleref [2008/07/23] emulated by memoir.
Package titling [2008/07/23] emulated by memoir.
Package tocbibind [2008/07/23] emulated by memoir.
Package tocloft [2008/07/23] emulated by memoir.
Package tocvsec2 [2008/07/23] emulated by memoir.
Package verbatim [2008/07/23] emulated by memoir.
Package verse [2008/07/23] emulated by memoir.

(/usr/share/texlive/texmf-dist/tex/latex/memoir/mempatch.sty
Package: mempatch 2009/07/24 v6.0f Patches for memoir class v1.6180339
))
(/usr/share/texlive/texmf-dist/tex/latex/graphics/graphicx.sty
Package: graphicx 1999/02/16 v1.0f Enhanced LaTeX Graphics (DPC,SPQR)

(/usr/share/texlive/texmf-dist/tex/latex/graphics/keyval.sty
Package: keyval 1999/03/16 v1.13 key=value parser (DPC)
\KV@toks@=\toks22
)
(/usr/share/texlive/texmf-dist/tex/latex/graphics/graphics.sty
Package: graphics 2009/02/05 v1.0o Standard LaTeX Graphics (DPC,SPQR)

(/usr/share/texlive/texmf-dist/tex/latex/graphics/trig.sty
Package: trig 1999/03/16 v1.09 sin cos tan (DPC)
)
(/usr/share/texlive/texmf-dist/tex/latex/latexconfig/graphics.cfg
File: graphics.cfg 2010/04/23 v1.9 graphics configuration of TeX Live
)
Package graphics Info: Driver file: pdftex.def on input line 91.

(/usr/share/texlive/texmf-dist/tex/latex/pdftex-def/pdftex.def
File: pdftex.def 2011/05/27 v0.06d Graphics/color for pdfTeX

(/usr/share/texlive/texmf-dist/tex/generic/oberdiek/infwarerr.sty
Package: infwarerr 2010/04/08 v1.3 Providing info/warning/error messages (HO)
)
(/usr/share/texlive/texmf-dist/tex/generic/oberdiek/ltxcmds.sty
Package: ltxcmds 2011/11/09 v1.22 LaTeX kernel commands for general use (HO)
)
(/usr/share/texlive/texmf-dist/tex/generic/oberdiek/pdftexcmds.sty
Package: pdftexcmds 2011/11/29 v0.20 Utility functions of pdfTeX for LuaTeX (HO
)
Package pdftexcmds Info: \pdf@primitive is available.
Package pdftexcmds Info: \pdf@ifprimitive is available.
Package pdftexcmds Info: \pdfdraftmode found.

(/usr/share/texlive/texmf-dist/tex/generic/oberdiek/luatex-loader.sty
Package: luatex-loader 2010/03/09 v0.4 Lua module loader (HO)

(/usr/share/texlive/texmf-dist/scripts/oberdiek/oberdiek.luatex.lua))
\pdftexcmds@toks=\toks23
)
\Gread@gobject=\count138
))
\Gin@req@height=\dimen147
\Gin@req@width=\dimen148
)
(/usr/share/texlive/texmf-dist/tex/latex/geometry/geometry.sty
Package: geometry 2010/09/12 v5.6 Page Geometry

(/usr/share/texlive/texmf-dist/tex/generic/oberdiek/ifvtex.sty
Package: ifvtex 2010/03/01 v1.5 Detect VTeX and its facilities (HO)
Package ifvtex Info: VTeX not detected.
)
\Gm@cnth=\count139
\Gm@cntv=\count140
\c@Gm@tempcnt=\count141
\Gm@bindingoffset=\dimen149
\Gm@wd@mp=\dimen150
\Gm@odd@mp=\dimen151
\Gm@even@mp=\dimen152
\Gm@layoutwidth=\dimen153
\Gm@layoutheight=\dimen154
\Gm@layouthoffset=\dimen155
\Gm@layoutvoffset=\dimen156
\Gm@dimlist=\toks24
)
(/usr/share/texlive/texmf-dist/tex/latex/tools/multicol.sty
Package: multicol 2011/06/27 v1.7a multicolumn formatting (FMi)
\c@tracingmulticols=\count142
\mult@box=\box29
\multicol@leftmargin=\dimen157
\c@unbalance=\count143
\c@collectmore=\count144
\doublecol@number=\count145
\multicoltolerance=\count146
\multicolpretolerance=\count147
\full@width=\dimen158
\page@free=\dimen159
\premulticols=\dimen160
\postmulticols=\dimen161
\multicolsep=\skip185
\multicolbaselineskip=\skip186
\partial@page=\box30
\last@line=\box31
\mult@rightbox=\box32
\mult@grightbox=\box33
\mult@gfirstbox=\box34
\mult@firstbox=\box35
\@tempa=\box36
\@tempa=\box37
\@tempa=\box38
\@tempa=\box39
\@tempa=\box40
\@tempa=\box41
\@tempa=\box42
\@tempa=\box43
\@tempa=\box44
\@tempa=\box45
\@tempa=\box46
\@tempa=\box47
\@tempa=\box48
\@tempa=\box49
\@tempa=\box50
\@tempa=\box51
\@tempa=\box52
\c@columnbadness=\count148
\c@finalcolumnbadness=\count149
\last@try=\dimen162
\multicolovershoot=\dimen163
\multicolundershoot=\dimen164
\mult@nat@firstbox=\box53
\colbreak@box=\box54
\multicol@sort@counter=\count150
)
(/usr/share/texmf/tex/latex/gregoriotex/gregoriotex.sty
Package: gregoriotex 2010/06/22 v1.1 GregorioTeX system.

(/usr/share/texmf/tex/latex/xcolor/xcolor.sty
Package: xcolor 2007/01/21 v2.11 LaTeX color extensions (UK)

(/usr/share/texlive/texmf-dist/tex/latex/latexconfig/color.cfg
File: color.cfg 2007/01/18 v1.5 color configuration of teTeX/TeXLive
)
Package xcolor Info: Driver file: pdftex.def on input line 225.
Package xcolor Info: Model `cmy' substituted by `cmy0' on input line 1337.
Package xcolor Info: Model `hsb' substituted by `rgb' on input line 1341.
Package xcolor Info: Model `RGB' extended on input line 1353.
Package xcolor Info: Model `HTML' substituted by `rgb' on input line 1355.
Package xcolor Info: Model `Hsb' substituted by `hsb' on input line 1356.
Package xcolor Info: Model `tHsb' substituted by `hsb' on input line 1357.
Package xcolor Info: Model `HSB' substituted by `hsb' on input line 1358.
Package xcolor Info: Model `Gray' substituted by `gray' on input line 1359.
Package xcolor Info: Model `wave' substituted by `hsb' on input line 1360.
)
(/usr/share/texmf/tex/gregoriotex/gregoriotex.tex
\Greaux=\write4
\grefactor=\count151

(/usr/share/texmf/tex/gregoriotex/gregoriotex-spaces.tex
\greadditionallineswidth=\skip187
\grezerowidthspace=\skip188
\greinterglyphspace=\skip189
\grealterationspace=\skip190
\grebeforechoralsignspace=\skip191
\greclefflatspace=\skip192
\grebeforealterationspace=\skip193
\greinterelementspace=\skip194
\grelargerspace=\skip195
\greglyphspace=\skip196
\greintersyllablespace=\skip197
\grespacebeforecusto=\skip198
\grespacebeforesigns=\skip199
\grespaceaftersigns=\skip200
\grespaceafterlineclef=\skip201
\greinterwordspacenotes=\skip202
\greinterwordspacenotestext=\skip203
\greinterwordspacetextnotes=\skip204
\greinterwordspacetext=\skip205
\grebitrivirspace=\skip206
\grebitristrospace=\skip207
\grepunctuminclinatumshift=\skip208
\grebeforepunctainclinatashift=\skip209
\grepunctuminclinatumanddebilisshift=\skip210
\grepunctuminclinatumdebilisshift=\skip211
\grepunctuminclinatumbigshift=\skip212
\grepunctuminclinatummaxshift=\skip213
\grespacearoundsmallbar=\skip214
\grespacearoundminor=\skip215
\grespacearoundmaior=\skip216
\grespacearoundfinalis=\skip217
\grespacebeforefinalfinalis=\skip218
\grespacearoundclefbars=\skip219
\gretextbartextspace=\skip220
\grenotebarspace=\skip221
\gremaximumspacewithoutdash=\dimen165
\greafterclefnospace=\skip222
\greadditionallineswidth=\dimen166
\greafterinitialshift=\skip223
\grebeforeinitialshift=\skip224
\greminimalspaceatlinebeginning=\dimen167
\greaboveinitialseparation=\dimen168
\grestafflineheight=\dimen169
\greinterstafflinespace=\dimen170
\grestafflinediff=\dimen171
\greabovesignsspace=\dimen172
\grebelowsignsspace=\dimen173
\grelowchoralsignshift=\dimen174
\grehighchoralsignshift=\dimen175
\gretranslationheight=\dimen176
\grespaceabovelines=\skip225
\greabovelinestextraise=\dimen177
\greabovelinestextheight=\dimen178
\grespacelinestext=\skip226
\grespacebeneathtext=\skip227
\greconstantglyphraise=\dimen179
\grestaffheight=\dimen180
\greclefchangespace=\skip228
\grenoclefspace=\dimen181
Normal \skip register pool exhausted, switching to extended pool.
\grebraceshift=\skip256
\grecurlybraceaccentusshift=\skip257

(/usr/share/texmf/tex/gregoriotex/gsp-default.tex))
\grestafflinewidth=\dimen182
\grelinewidth=\dimen183
\grecurrenttranslationheight=\dimen184
\greadditionalbottomspace=\dimen185
\greadditionaltopspace=\dimen186
\gretextlower=\dimen187
\GreTempwidth=\box55
\gretempwidth=\dimen188
\gretextaligncenter=\dimen189
\gregoriotextdashwidth=\dimen190
\greadditionalleftspace=\dimen191
\GreInitial=\box56
\greinitialwidth=\dimen192
\grebiginitial=\count152
\greknownline=\count153
\GreAboveinitialfirstbox=\box57
\greaboveinitialfirstraise=\dimen193
\GreAboveinitialsecondbox=\box58
\greaboveinitialsecondraise=\dimen194
\grecurrentabovelinestextheight=\dimen195
\GreLines=\box59

(/usr/share/texmf/tex/gregoriotex/gregoriotex-signs.tex
\greclefnum=\count154
\greclefwidth=\dimen196
\GreTempsign=\box60
\gretempdimsignwidth=\dimen197
\gretempdimtwo=\dimen198
\keeprightbox=\count155
\grefirstisalteration=\count156
)
(/usr/share/texmf/tex/gregoriotex/gregoriotex-syllable.tex
\greglyphraisevalue=\dimen199
\greaddedraisevalue=\dimen200
\gretempdimcount=\count157
\greisonaline=\count158
\grefirstglyph=\count159
\grelastglyphwidth=\dimen201
\grenotesaligncenter=\dimen202
\GreSyllablenotes=\box61
\greenddifference=\dimen203
\grepreviousenddifference=\dimen204
\grebegindifference=\dimen205
\gretempdim=\dimen206
\GreSyllabletext=\box62
\grefirstsyllableofword=\count160
\greendofscore=\count161
\greskipone=\skip258
\grenextbegindifference=\skip259
\gretempdimskip=\skip260
)
\printchirovbars=\count162
\grelastoflinecount=\count163
\greblockcusto=\count164

(/usr/share/texmf/tex/gregoriotex/gregoriotex-symbols.tex
\gretempfactor=\count165
)))
(/usr/share/texlive/texmf-dist/tex/latex/preprint/fullpage.sty
Package: fullpage 1999/02/23 1.1 (PWD)
\FP@margin=\skip261
)
(/usr/share/texlive/texmf-dist/tex/generic/babel/babel.sty
Package: babel 2008/07/08 v3.8m The Babel package

(/usr/share/texlive/texmf-dist/tex/generic/babel/latin.ldf
File: latin.ldf 2008/07/06 v2.0l Latin support from the babel system

(/usr/share/texlive/texmf-dist/tex/generic/babel/babel.def
File: babel.def 2008/07/08 v3.8m Babel common definitions
\babel@savecnt=\count166
\U@D=\dimen207
)

Package babel Warning: No hyphenation patterns were loaded for
(babel)                the language `Latin'
(babel)                I will use the patterns loaded for \language=0 instead.

luatex-hyphen: using data file: /var/lib/texmf/tex/generic/config/language.dat.
lua
\l@latin = a dialect from \language0
Package babel Info: Making " an active character on input line 188.
)) (/usr/share/texlive/texmf-dist/tex/latex/base/fontenc.sty
Package: fontenc 2005/09/27 v1.99g Standard LaTeX package

(/usr/share/texlive/texmf-dist/tex/latex/base/t1enc.def
File: t1enc.def 2005/09/27 v1.99g Standard LaTeX file
LaTeX Font Info:    Redeclaring font encoding T1 on input line 43.
))
(/usr/share/texlive/texmf-dist/tex/lualatex/luainputenc/luainputenc.sty
Package: luainputenc 2010/11/19 v0.973 inputenc package for LuaTeX

(/usr/share/texlive/texmf-dist/tex/luatex/luatexbase/luatexbase.sty
Package: luatexbase 2010/10/06 v0.3 Module utilities for LuaTeX

(/usr/share/texlive/texmf-dist/tex/luatex/luatexbase/luatexbase-compat.sty
Package: luatexbase-compat 2010/10/10 v0.3 Compatibility tools for LuaTeX
)
(/usr/share/texlive/texmf-dist/tex/luatex/luatexbase/luatexbase-loader.sty
Package: luatexbase-loader 2010/10/10 v0.3 Lua module loader for LuaTeX

(/usr/share/texlive/texmf-dist/tex/luatex/luatexbase/luatexbase.loader.lua))
(/usr/share/texlive/texmf-dist/tex/luatex/luatexbase/luatexbase-regs.sty
Package: luatexbase-regs 2010/10/10 v0.3 Registers allocation for LuaTeX
)
(/usr/share/texlive/texmf-dist/tex/luatex/luatexbase/luatexbase-attr.sty
Package: luatexbase-attr 2011/05/21 v0.31 Attributes allocation for LuaTeX

(/usr/share/texlive/texmf-dist/tex/luatex/luatexbase/attr.lua))
(/usr/share/texlive/texmf-dist/tex/luatex/luatexbase/luatexbase-cctb.sty
Package: luatexbase-cctb 2010/10/10 v0.3 Catcodetable allocation for LuaTeX

(/usr/share/texlive/texmf-dist/tex/luatex/luatexbase/cctb.lua)
\lltxb@catcodetable@alloc=\count277
\CatcodeTableIniTeX=\luatexcatcodetable1
\CatcodeTableString=\luatexcatcodetable3
\CatcodeTableOther=\luatexcatcodetable5
\CatcodeTableLaTeX=\luatexcatcodetable7
\CatcodeTableLaTeXAtLetter=\luatexcatcodetable9
\CatcodeTableExpl=\luatexcatcodetable11
)
(/usr/share/texlive/texmf-dist/tex/luatex/luatexbase/luatexbase-mcb.sty
Package: luatexbase-mcb 2010/10/10 v0.3 Callback management for LuaTeX

(/usr/share/texlive/texmf-dist/tex/luatex/luatexbase/luatexbase-modutils.sty
Package: luatexbase-modutils 2010/10/10 v0.3 Module utilities for LuaTeX

(/usr/share/texlive/texmf-dist/tex/luatex/luatexbase/modutils.lua))
(/usr/share/texlive/texmf-dist/tex/luatex/luatexbase/mcb.lua)
Lua module: luatexbase-mcb 2010/05/12 0.2 register several functions in a callb
ack
))
(/usr/share/texlive/texmf-dist/tex/lualatex/luainputenc/luainputenc.lua)
Lua module: luainputenc 2010/05/10 0.97 Lua simple inputenc package.
\inpenc@prehook=\toks25
\inpenc@posthook=\toks26

(/usr/share/texlive/texmf-dist/tex/lualatex/luainputenc/lutf8.def
File: lutf8.def 2010/05/10 v0.97 UTF-8 support for luainputenc
Now handling font encoding OML ...
... no UTF-8 mapping file for font encoding OML
Now handling font encoding T1 ...
... processing UTF-8 mapping file for font encodingT1

(/usr/share/texlive/texmf-dist/tex/latex/base/t1enc.dfu
File: t1enc.dfu 2008/04/05 v1.1m UTF-8 support for inputenc
)
Now handling font encoding OT1 ...
... processing UTF-8 mapping file for font encodingOT1

(/usr/share/texlive/texmf-dist/tex/latex/base/ot1enc.dfu
File: ot1enc.dfu 2008/04/05 v1.1m UTF-8 support for inputenc
)
Now handling font encoding OMS ...
... processing UTF-8 mapping file for font encodingOMS

(/usr/share/texlive/texmf-dist/tex/latex/base/omsenc.dfu
File: omsenc.dfu 2008/04/05 v1.1m UTF-8 support for inputenc
)
Now handling font encoding OMX ...
... no UTF-8 mapping file for font encoding OMX
Now handling font encoding U ...
... no UTF-8 mapping file for font encoding U
))
(/usr/share/texlive/texmf-dist/tex/latex/fontspec/fontspec.sty
Package: fontspec 2012/05/06 v2.2b Advanced font selection for XeLaTeX/LuaLaTeX


(/usr/share/texlive/texmf-dist/tex/latex/l3kernel/expl3.sty
(/usr/share/texlive/texmf-dist/tex/latex/l3kernel/l3names.sty
(/usr/share/texlive/texmf-dist/tex/latex/l3kernel/l3bootstrap.sty
Package: l3bootstrap 2011/12/29 v3110 L3 Experimental bootstrap code

(/usr/share/texlive/texmf-dist/tex/generic/oberdiek/luatex.sty
Package: luatex 2010/03/09 v0.4 LuaTeX basic definition package (HO)
\LuT@AllocAttribute=\count278
\LuT@AllocCatcodeTable=\count279
\CatcodeTableStack=\count280
\CatcodeTableIniTeX=\catcodetable1
\CatcodeTableString=\catcodetable3
\CatcodeTableOther=\catcodetable5
\CatcodeTableLaTeX=\catcodetable7
))
Package: l3names 2012/03/04 v3494 L3 Experimental namespace for primitives
)
Package: expl3 2012/04/23 v3570 L3 Experimental code bundle wrapper

(/usr/share/texlive/texmf-dist/tex/latex/l3kernel/l3basics.sty
Package: l3basics 2012/03/04 v3491 L3 Experimental basic definitions
)
(/usr/share/texlive/texmf-dist/tex/latex/l3kernel/l3expan.sty
Package: l3expan 2012/02/26 v3460 L3 Experimental argument expansion
)
(/usr/share/texlive/texmf-dist/tex/latex/l3kernel/l3tl.sty
Package: l3tl 2012/03/04 v3490 L3 Experimental token lists
)
(/usr/share/texlive/texmf-dist/tex/latex/l3kernel/l3seq.sty
Package: l3seq 2012/03/04 v3490 L3 Experimental sequences and stacks
)
(/usr/share/texlive/texmf-dist/tex/latex/l3kernel/l3int.sty
Package: l3int 2012/03/04 v3490 L3 Experimental integers
\c_max_int=\count281
\l_tmpa_int=\count282
\l_tmpb_int=\count283
\l_tmpc_int=\count284
\g_tmpa_int=\count285
\g_tmpb_int=\count286
)
(/usr/share/texlive/texmf-dist/tex/latex/l3kernel/l3quark.sty
Package: l3quark 2012/02/12 v3384 L3 Experimental quarks
)
(/usr/share/texlive/texmf-dist/tex/latex/l3kernel/l3prg.sty
Package: l3prg 2012/03/04 v3490 L3 Experimental control structures
\g_prg_map_int=\count287
)
(/usr/share/texlive/texmf-dist/tex/latex/l3kernel/l3clist.sty
Package: l3clist 2012/03/04 v3490 L3 Experimental comma separated lists
)
(/usr/share/texlive/texmf-dist/tex/latex/l3kernel/l3token.sty
Package: l3token 2012/03/04 v3491 L3 Experimental token manipulation
)
(/usr/share/texlive/texmf-dist/tex/latex/l3kernel/l3prop.sty
Package: l3prop 2012/03/04 v3490 L3 Experimental property lists
)
(/usr/share/texlive/texmf-dist/tex/latex/l3kernel/l3msg.sty
Package: l3msg 2012/04/23 v3568 L3 Experimental messages
)
(/usr/share/texlive/texmf-dist/tex/latex/l3kernel/l3file.sty
Package: l3file 2012/03/09 v3520 L3 Experimental file and I/O operations
\l_iow_stream_int=\count288
\l_iow_line_length_int=\count289
\l_iow_target_length_int=\count290
\l_iow_current_line_int=\count291
\l_iow_current_word_int=\count292
\l_iow_current_indentation_int=\count293
)
(/usr/share/texlive/texmf-dist/tex/latex/l3kernel/l3skip.sty
Package: l3skip 2012/03/05 v3499 L3 Experimental dimensions and skips
\l_tmpa_dim=\dimen256
\l_tmpb_dim=\dimen257
\l_tmpc_dim=\dimen258
\g_tmpa_dim=\dimen259
\g_tmpb_dim=\dimen260
\l_tmpa_skip=\skip262
\l_tmpb_skip=\skip263
\l_tmpc_skip=\skip264
\g_tmpa_skip=\skip265
\g_tmpb_skip=\skip266
)
(/usr/share/texlive/texmf-dist/tex/latex/l3kernel/l3keys.sty
Package: l3keys 2012/03/03 v3487 L3 Experimental key-value interfaces
\g_keyval_level_int=\count294
\l_keys_choice_int=\count295
)
(/usr/share/texlive/texmf-dist/tex/latex/l3kernel/l3fp.sty
Package: l3fp 2012/03/04 v3490 L3 Experimental floating-point operations
\c_one_hundred_million=\count296
\c_five_hundred_million=\count297
\c_one_thousand_million=\count298
\c_fp_pi_by_four_decimal_int=\count299
\c_fp_pi_by_four_extended_int=\count300
\c_fp_pi_decimal_int=\count301
\c_fp_pi_extended_int=\count302
\c_fp_two_pi_decimal_int=\count303
\c_fp_two_pi_extended_int=\count304
\l_fp_count_int=\count305
\l_fp_div_offset_int=\count306
\l_fp_exp_integer_int=\count307
\l_fp_exp_decimal_int=\count308
\l_fp_exp_extended_int=\count309
\l_fp_exp_exponent_int=\count310
\l_fp_input_a_sign_int=\count311
\l_fp_input_a_integer_int=\count312
\l_fp_input_a_decimal_int=\count313
\l_fp_input_a_exponent_int=\count314
\l_fp_input_b_sign_int=\count315
\l_fp_input_b_integer_int=\count316
\l_fp_input_b_decimal_int=\count317
\l_fp_input_b_exponent_int=\count318
\l_fp_input_a_extended_int=\count319
\l_fp_input_b_extended_int=\count320
\l_fp_mul_a_i_int=\count321
\l_fp_mul_a_ii_int=\count322
\l_fp_mul_a_iii_int=\count323
\l_fp_mul_a_iv_int=\count324
\l_fp_mul_a_v_int=\count325
\l_fp_mul_a_vi_int=\count326
\l_fp_mul_b_i_int=\count327
\l_fp_mul_b_ii_int=\count328
\l_fp_mul_b_iii_int=\count329
\l_fp_mul_b_iv_int=\count330
\l_fp_mul_b_v_int=\count331
\l_fp_mul_b_vi_int=\count332
\l_fp_mul_output_int=\count333
\l_fp_output_sign_int=\count334
\l_fp_output_integer_int=\count335
\l_fp_output_decimal_int=\count336
\l_fp_output_exponent_int=\count337
\l_fp_output_extended_int=\count338
\l_fp_round_position_int=\count339
\l_fp_round_target_int=\count340
\l_fp_split_sign_int=\count341
\l_fp_internal_int=\count342
\l_fp_trig_octant_int=\count343
\l_fp_trig_sign_int=\count344
\l_fp_trig_decimal_int=\count345
\l_fp_trig_extended_int=\count346
\l_fp_internal_dim=\dimen261
\l_fp_internal_skip=\skip267
)
(/usr/share/texlive/texmf-dist/tex/latex/l3kernel/l3box.sty
Package: l3box 2012/03/04 v3490 L3 Experimental boxes
\l_tmpb_box=\box256
\l_box_top_dim=\dimen262
\l_box_bottom_dim=\dimen263
\l_box_left_dim=\dimen264
\l_box_right_dim=\dimen265
\l_box_top_new_dim=\dimen266
\l_box_bottom_new_dim=\dimen267
\l_box_left_new_dim=\dimen268
\l_box_right_new_dim=\dimen269
\l_box_internal_box=\box257
)
(/usr/share/texlive/texmf-dist/tex/latex/l3kernel/l3coffins.sty
Package: l3coffins 2012/03/03 v3482 L3 Experimental coffin code layer
\l_coffin_internal_box=\box258
\l_coffin_internal_dim=\dimen270
\l_coffin_offset_x_dim=\dimen271
\l_coffin_offset_y_dim=\dimen272
\l_coffin_x_dim=\dimen273
\l_coffin_y_dim=\dimen274
\l_coffin_x_prime_dim=\dimen275
\l_coffin_y_prime_dim=\dimen276
\l_coffin_Depth_dim=\dimen277
\l_coffin_Height_dim=\dimen278
\l_coffin_TotalHeight_dim=\dimen279
\l_coffin_Width_dim=\dimen280
\c_empty_coffin=\box259
\l_coffin_aligned_coffin=\box260
\l_coffin_aligned_internal_coffin=\box261
\l_coffin_bounding_shift_dim=\dimen281
\l_coffin_left_corner_dim=\dimen282
\l_coffin_right_corner_dim=\dimen283
\l_coffin_bottom_corner_dim=\dimen284
\l_coffin_top_corner_dim=\dimen285
\l_coffin_scaled_total_height_dim=\dimen286
\l_coffin_scaled_width_dim=\dimen287
\l_coffin_display_coffin=\box262
\l_coffin_display_coord_coffin=\box263
\l_coffin_display_pole_coffin=\box264
\l_coffin_display_offset_dim=\dimen288
\l_coffin_display_x_dim=\dimen289
\l_coffin_display_y_dim=\dimen290
)
(/usr/share/texlive/texmf-dist/tex/latex/l3kernel/l3color.sty
Package: l3color 2011/09/07 v2776 L3 Experimental colour support
)
(/usr/share/texlive/texmf-dist/tex/latex/l3kernel/l3luatex.sty
Package: l3luatex 2012/02/09 v3355 L3 Experimental LuaTeX-specific functions
\g_cctab_allocate_int=\count347
\g_cctab_stack_int=\count348
\c_code_cctab=\catcodetable9
))
(/usr/share/texlive/texmf-dist/tex/latex/l3packages/xparse/xparse.sty
Package: xparse 2012/04/23 v3570 L3 Experimental document command parser
\l_xparse_current_arg_int=\count349
\l_xparse_m_args_int=\count350
\l_xparse_mandatory_args_int=\count351
\l_xparse_processor_int=\count352
\l_xparse_v_nesting_int=\count353
)
(/usr/share/texlive/texmf-dist/tex/luatex/luaotfload/luaotfload.sty
Package: luaotfload 2012/05/28 v1.27 OpenType layout system

(/usr/share/texlive/texmf-dist/tex/luatex/lualibs/lualibs.lua)
Lua module: lualibs 2011/01/20 0.96 Lua additional functions.

(/usr/share/texlive/texmf-dist/tex/luatex/lualibs/lualibs-string.lua)
(/usr/share/texlive/texmf-dist/tex/luatex/lualibs/lualibs-lpeg.lua)
(/usr/share/texlive/texmf-dist/tex/luatex/lualibs/lualibs-boolean.lua)
(/usr/share/texlive/texmf-dist/tex/luatex/lualibs/lualibs-number.lua)
(/usr/share/texlive/texmf-dist/tex/luatex/lualibs/lualibs-math.lua)
(/usr/share/texlive/texmf-dist/tex/luatex/lualibs/lualibs-table.lua)
(/usr/share/texlive/texmf-dist/tex/luatex/lualibs/lualibs-aux.lua)
(/usr/share/texlive/texmf-dist/tex/luatex/lualibs/lualibs-io.lua)
(/usr/share/texlive/texmf-dist/tex/luatex/lualibs/lualibs-os.lua)
(/usr/share/texlive/texmf-dist/tex/luatex/lualibs/lualibs-file.lua)
(/usr/share/texlive/texmf-dist/tex/luatex/lualibs/lualibs-md5.lua)
(/usr/share/texlive/texmf-dist/tex/luatex/lualibs/lualibs-dir.lua)
(/usr/share/texlive/texmf-dist/tex/luatex/lualibs/lualibs-unicode.lua)
(/usr/share/texlive/texmf-dist/tex/luatex/lualibs/lualibs-utils.lua)
(/usr/share/texlive/texmf-dist/tex/luatex/lualibs/lualibs-dimen.lua)
(/usr/share/texlive/texmf-dist/tex/luatex/lualibs/lualibs-url.lua)
(/usr/share/texlive/texmf-dist/tex/luatex/lualibs/lualibs-set.lua)
(/usr/share/texlive/texmf-dist/tex/luatex/luaotfload/luaotfload.lua)
Lua module: luaotfload 2012/05/28 1.27 OpenType layout system.
luaotfload: loading file /usr/share/texlive/texmf-dist/tex/luatex/luaotfload/ot
fl-luat-dum.lua.(using cache: /home/ftherese/.texmf-var/luatex-cache/generic)
luaotfload: loading file /usr/share/texlive/texmf-dist/tex/luatex/luaotfload/ot
fl-luat-ovr.lua.
luaotfload: loading file /usr/share/texlive/texmf-dist/tex/luatex/luaotfload/ot
fl-data-con.lua.
luaotfload: loading file /usr/share/texlive/texmf-dist/tex/luatex/luaotfload/ot
fl-font-ini.lua.
luaotfload: loading file /usr/share/texlive/texmf-dist/tex/luatex/luaotfload/ot
fl-node-dum.lua.
luaotfload: loading file /usr/share/texlive/texmf-dist/tex/luatex/luaotfload/ot
fl-node-inj.lua.
luaotfload: loading file /usr/share/texlive/texmf-dist/tex/luatex/luaotfload/ot
fl-font-tfm.lua.
luatexbase.attributes["otfl@state"] = 1
luaotfload: loading file /usr/share/texlive/texmf-dist/tex/luatex/luaotfload/ot
fl-font-cid.lua.
luaotfload: loading file /usr/share/texlive/texmf-dist/tex/luatex/luaotfload/ot
fl-font-ott.lua.
luaotfload: loading file /usr/share/texlive/texmf-dist/tex/luatex/luaotfload/ot
fl-font-map.lua.
luaotfload: loading file /usr/share/texlive/texmf-dist/tex/luatex/luaotfload/ot
fl-font-otf.lua.
luaotfload: loading file /usr/share/texlive/texmf-dist/tex/luatex/luaotfload/ot
fl-font-otd.lua.
luaotfload: loading file /usr/share/texlive/texmf-dist/tex/luatex/luaotfload/ot
fl-font-oti.lua.
luaotfload: loading file /usr/share/texlive/texmf-dist/tex/luatex/luaotfload/ot
fl-font-otb.lua.
luaotfload: loading file /usr/share/texlive/texmf-dist/tex/luatex/luaotfload/ot
fl-font-otn.lua.
luatexbase.attributes["otfl@markbase"] = 2
luatexbase.attributes["otfl@markmark"] = 3
luatexbase.attributes["otfl@markdone"] = 4
luatexbase.attributes["otfl@cursbase"] = 5
luatexbase.attributes["otfl@curscurs"] = 6
luatexbase.attributes["otfl@cursdone"] = 7
luatexbase.attributes["otfl@kernpair"] = 8
luaotfload: loading file /usr/share/texlive/texmf-dist/tex/luatex/luaotfload/ot
fl-font-ota.lua.
luaotfload: loading file /usr/share/texlive/texmf-dist/tex/luatex/luaotfload/ot
fl-font-otc.lua.
luaotfload: loading file /usr/share/texlive/texmf-dist/tex/luatex/luaotfload/ot
fl-font-def.lua.
luaotfload: loading file /usr/share/texlive/texmf-dist/tex/luatex/luaotfload/ot
fl-font-xtx.lua.
luaotfload: loading file /usr/share/texlive/texmf-dist/tex/luatex/luaotfload/ot
fl-font-dum.lua.
luaotfload: loading file /usr/share/texlive/texmf-dist/tex/luatex/luaotfload/ot
fl-font-nms.lua.
luaotfload: loading file /usr/share/texlive/texmf-dist/tex/luatex/luaotfload/ot
fl-font-clr.lua.
Module luatexbase-mcb info: creating 'luaotfload.patch_font' type 4
Module luatexbase-mcb info: inserting 'luaotfload.pre_linebreak_filter'
(luatexbase-mcb)            at position 1 in 'pre_linebreak_filter'
Module luatexbase-mcb info: inserting 'luaotfload.hpack_filter'
(luatexbase-mcb)            at position 1 in 'hpack_filter'
Module luatexbase-mcb info: resetting callback 'define_font'
Module luatexbase-mcb info: inserting 'luaotfload.define_font'
(luatexbase-mcb)            at position 1 in 'define_font'
Module luatexbase-mcb info: inserting 'luaotfload.find_vf_file'
(luatexbase-mcb)            at position 1 in 'find_vf_file'
Module luatexbase-mcb info: inserting 'unicodemath.set_sscale_diments'
(luatexbase-mcb)            at position 1 in 'luaotfload.patch_font'
)
(/usr/share/texlive/texmf-dist/tex/latex/fontspec/fontspec.lua)
Lua module: fontspec 2009/12/04 2 Advanced font selection for LuaLaTeX.

Module luatexbase-mcb info: inserting 'fontspec.set_capheight'
(luatexbase-mcb)            at position 2 in 'luaotfload.patch_font'
\l_fontspec_script_int=\count354
\l_fontspec_language_int=\count355
\l_fontspec_strnum_int=\count356
\l_fontspec_tmpa_dim=\dimen291
\l_fontspec_tmpb_dim=\dimen292
\l_fontspec_tmpc_dim=\dimen293
Variant \tl_gset:cV already defined; not changing it on line 66
(/usr/share/texlive/texmf-dist/tex/latex/fontspec/fontspec-patches.sty
Package: fontspec-patches 2012/05/06 v2.2b Advanced font selection for XeLaTeX/
LuaLaTeX

(/usr/share/texlive/texmf-dist/tex/latex/base/fixltx2e.sty
Package: fixltx2e 2006/09/13 v1.1m fixes to LaTeX
LaTeX Info: Redefining \em on input line 420.
LaTeX Info: Redefining \textsubscript on input line 424.
)
LaTeX Info: Redefining \em on input line 22.
LaTeX Info: Redefining \emph on input line 29.
LaTeX Info: Redefining \- on input line 32.

*************************************************
* LaTeX warning: "xparse/redefine-command"
* 
* Redefining document command \oldstylenums with arg. spec. 'm' on line 107.
*************************************************
.................................................
. LaTeX info: "xparse/define-command"
. 
. Defining document command \liningnums with arg. spec. 'm' on line 111.
.................................................
) (/usr/share/texlive/texmf-dist/tex/latex/fontspec/fontspec-luatex.sty
Package: fontspec-luatex 2012/05/06 v2.2b Advanced font selection for XeLaTeX/L
uaLaTeX

(/usr/share/texlive/texmf-dist/tex/latex/base/fontenc.sty
Package: fontenc 2005/09/27 v1.99g Standard LaTeX package

(/usr/share/texlive/texmf-dist/tex/latex/euenc/eu2enc.def
File: eu2enc.def 2010/05/27 v0.1h Experimental Unicode font encodings
NowhandlingfontencodingEU2...
...noUTF-8mappingfileforfontencodingEU2
)
LaTeX Font Info:    Try loading font information for EU2+lmr on input line 100.


(/usr/share/texlive/texmf-dist/tex/latex/euenc/eu2lmr.fd
File: eu2lmr.fd 2009/10/30 v1.6 Font defs for Latin Modern
)
luaotfload | load font: auto-selecting default features for script: dflt (was l
atn)(load: /home/ftherese/.texmf-var/luatex-cache/generic/fonts/otf/temp-lmroma
n10-regular.lua))
(/usr/share/texlive/texmf-dist/tex/xelatex/xunicode/xunicode.sty
File: xunicode.sty 2011/09/09 v0.981 provides access to latin accents and many 
other characters in Unicode lower plane

(/usr/share/texmf/tex/latex/tipa/t3enc.def
File: t3enc.def 2001/12/31 T3 encoding
NowhandlingfontencodingT3...
...noUTF-8mappingfileforfontencodingT3
luaotfload | load font: auto-selecting default features for script: dflt (was l
atn)(load: /home/ftherese/.texmf-var/luatex-cache/generic/fonts/otf/temp-lmroma
nslant10-regular.lua)
luaotfload | load font: auto-selecting default features for script: dflt (was l
atn)(load: /home/ftherese/.texmf-var/luatex-cache/generic/fonts/otf/temp-lmroma
n10-italic.lua)
luaotfload | load font: auto-selecting default features for script: dflt (was l
atn)(load: /home/ftherese/.texmf-var/luatex-cache/generic/fonts/otf/temp-lmroma
n10-bold.lua)
LaTeX Font Info:    Try loading font information for EU2+lmss on input line 357
.
(/usr/share/texlive/texmf-dist/tex/latex/euenc/eu2lmss.fd
File: eu2lmss.fd 2009/10/30 v1.6 Font defs for Latin Modern
)
luaotfload | load font: auto-selecting default features for script: dflt (was l
atn)(load: /home/ftherese/.texmf-var/luatex-cache/generic/fonts/otf/temp-lmsans
10-regular.lua))
\tipaTiiicode=\count357
\tipasavetokens=\toks27
\tipachecktokens=\toks28
)
.................................................
. LaTeX info: "xparse/define-command"
. 
. Defining document command \fontspec with arg. spec. 'O{}m' on line 42.
.................................................
.................................................
. LaTeX info: "xparse/define-command"
. 
. Defining document command \setmainfont with arg. spec. 'O{}m' on line 46.
.................................................
.................................................
. LaTeX info: "xparse/define-command"
. 
. Defining document command \setsansfont with arg. spec. 'O{}m' on line 50.
.................................................
.................................................
. LaTeX info: "xparse/define-command"
. 
. Defining document command \setmonofont with arg. spec. 'O{}m' on line 54.
.................................................
.................................................
. LaTeX info: "xparse/define-command"
. 
. Defining document command \setmathrm with arg. spec. 'O{}m' on line 62.
.................................................
.................................................
. LaTeX info: "xparse/define-command"
. 
. Defining document command \setboldmathrm with arg. spec. 'O{}m' on line 65.
.................................................
.................................................
. LaTeX info: "xparse/define-command"
. 
. Defining document command \setmathsf with arg. spec. 'O{}m' on line 68.
.................................................
.................................................
. LaTeX info: "xparse/define-command"
. 
. Defining document command \setmathtt with arg. spec. 'O{}m' on line 71.
.................................................
.................................................
. LaTeX info: "xparse/define-command"
. 
. Defining document command \newfontfamily with arg. spec. 'mO{}m' on line 87.
.................................................
.................................................
. LaTeX info: "xparse/define-command"
. 
. Defining document command \newfontface with arg. spec. 'mO{}m' on line 90.
.................................................
.................................................
. LaTeX info: "xparse/define-command"
. 
. Defining document command \defaultfontfeatures with arg. spec. 'm' on line
. 94.
.................................................
.................................................
. LaTeX info: "xparse/define-command"
. 
. Defining document command \addfontfeatures with arg. spec. 'm' on line 110.
.................................................
.................................................
. LaTeX info: "xparse/define-command"
. 
. Defining document command \newfontfeature with arg. spec. 'mm' on line 121.
.................................................
.................................................
. LaTeX info: "xparse/define-command"
. 
. Defining document command \newAATfeature with arg. spec. 'mmmm' on line 128.
.................................................
.................................................
. LaTeX info: "xparse/define-command"
. 
. Defining document command \newICUfeature with arg. spec. 'mmm' on line 135.
.................................................
.................................................
. LaTeX info: "xparse/define-command"
. 
. Defining document command \aliasfontfeature with arg. spec. 'mm' on line
. 162.
.................................................
.................................................
. LaTeX info: "xparse/define-command"
. 
. Defining document command \aliasfontfeatureoption with arg. spec. 'mmm' on
. line 167.
.................................................
.................................................
. LaTeX info: "xparse/define-command"
. 
. Defining document command \newfontscript with arg. spec. 'mm' on line 172.
.................................................
.................................................
. LaTeX info: "xparse/define-command"
. 
. Defining document command \newfontlanguage with arg. spec. 'mm' on line 195.
.................................................
.................................................
. LaTeX info: "xparse/define-command"
. 
. Defining document command \DeclareFontsExtensions with arg. spec. 'm' on
. line 214.
.................................................
Variant \prop_gput:cnV already defined; not changing it on line 489
Variant \prop_gput:cnx already defined; not changing it on line 490
\l_fontspec_tmp_int=\count358
LaTeX Info: Redefining \itshape on input line 1819.
LaTeX Info: Redefining \slshape on input line 1823.
LaTeX Info: Redefining \scshape on input line 1827.
LaTeX Info: Redefining \upshape on input line 1831.

(/usr/share/texlive/texmf-dist/tex/latex/fontspec/fontspec.cfg)))
(/usr/share/texmf/tex/latex/lm/lmodern.sty
Package: lmodern 2009/10/30 v1.6 Latin Modern Fonts
LaTeX Font Info:    Overwriting symbol font `operators' in version `normal'
(Font)                  OT1/cmr/m/n --> OT1/lmr/m/n on input line 22.
LaTeX Font Info:    Overwriting symbol font `letters' in version `normal'
(Font)                  OML/cmm/m/it --> OML/lmm/m/it on input line 23.
LaTeX Font Info:    Overwriting symbol font `symbols' in version `normal'
(Font)                  OMS/cmsy/m/n --> OMS/lmsy/m/n on input line 24.
LaTeX Font Info:    Overwriting symbol font `largesymbols' in version `normal'
(Font)                  OMX/cmex/m/n --> OMX/lmex/m/n on input line 25.
LaTeX Font Info:    Overwriting symbol font `operators' in version `bold'
(Font)                  OT1/cmr/bx/n --> OT1/lmr/bx/n on input line 26.
LaTeX Font Info:    Overwriting symbol font `letters' in version `bold'
(Font)                  OML/cmm/b/it --> OML/lmm/b/it on input line 27.
LaTeX Font Info:    Overwriting symbol font `symbols' in version `bold'
(Font)                  OMS/cmsy/b/n --> OMS/lmsy/b/n on input line 28.
LaTeX Font Info:    Overwriting symbol font `largesymbols' in version `bold'
(Font)                  OMX/cmex/m/n --> OMX/lmex/m/n on input line 29.
LaTeX Font Info:    Overwriting math alphabet `\mathbf' in version `normal'
(Font)                  OT1/cmr/bx/n --> OT1/lmr/bx/n on input line 31.
LaTeX Font Info:    Overwriting math alphabet `\mathsf' in version `normal'
(Font)                  OT1/cmss/m/n --> OT1/lmss/m/n on input line 32.
LaTeX Font Info:    Overwriting math alphabet `\mathit' in version `normal'
(Font)                  OT1/cmr/m/it --> OT1/lmr/m/it on input line 33.
LaTeX Font Info:    Overwriting math alphabet `\mathtt' in version `normal'
(Font)                  OT1/cmtt/m/n --> OT1/lmtt/m/n on input line 34.
LaTeX Font Info:    Overwriting math alphabet `\mathbf' in version `bold'
(Font)                  OT1/cmr/bx/n --> OT1/lmr/bx/n on input line 35.
LaTeX Font Info:    Overwriting math alphabet `\mathsf' in version `bold'
(Font)                  OT1/cmss/bx/n --> OT1/lmss/bx/n on input line 36.
LaTeX Font Info:    Overwriting math alphabet `\mathit' in version `bold'
(Font)                  OT1/cmr/bx/it --> OT1/lmr/bx/it on input line 37.
LaTeX Font Info:    Overwriting math alphabet `\mathtt' in version `bold'
(Font)                  OT1/cmtt/m/n --> OT1/lmtt/m/n on input line 38.
)
(/usr/share/texlive/texmf-dist/tex/latex/url/url.sty
\Urlmuskip=\muskip10
Package: url 2006/04/12  ver 3.3  Verb mode for urls, etc.
)
(/usr/share/texlive/texmf-dist/tex/latex/oberdiek/pdfcolmk.sty
Package: pdfcolmk 2008/08/11 v1.2 Color support for pdfTeX via marks (HO)
Package pdfcolmk Info: The color stack of pdfTeX >= 1.40 is used. Therefore
(pdfcolmk)             this package is not necessary and not loaded.
)
(/usr/share/texmf/tex/latex/pgf/frontendlayer/tikz.sty
(/usr/share/texmf/tex/latex/pgf/basiclayer/pgf.sty
(/usr/share/texmf/tex/latex/pgf/utilities/pgfrcs.sty
(/usr/share/texmf/tex/generic/pgf/utilities/pgfutil-common.tex
\pgfutil@everybye=\toks29
)
(/usr/share/texmf/tex/generic/pgf/utilities/pgfutil-latex.def
\pgfutil@abb=\box265

(/usr/share/texlive/texmf-dist/tex/latex/ms/everyshi.sty
Package: everyshi 2001/05/15 v3.00 EveryShipout Package (MS)
))
(/usr/share/texmf/tex/generic/pgf/utilities/pgfrcs.code.tex
Package: pgfrcs 2010/10/25 v2.10 (rcs-revision 1.24)
))
Package: pgf 2008/01/15 v2.10 (rcs-revision 1.12)

(/usr/share/texmf/tex/latex/pgf/basiclayer/pgfcore.sty
(/usr/share/texmf/tex/latex/pgf/systemlayer/pgfsys.sty
(/usr/share/texmf/tex/generic/pgf/systemlayer/pgfsys.code.tex
Package: pgfsys 2010/06/30 v2.10 (rcs-revision 1.37)

(/usr/share/texmf/tex/generic/pgf/utilities/pgfkeys.code.tex
\pgfkeys@pathtoks=\toks30
\pgfkeys@temptoks=\toks31

(/usr/share/texmf/tex/generic/pgf/utilities/pgfkeysfiltered.code.tex
\pgfkeys@tmptoks=\toks32
))
\pgf@x=\dimen294
\pgf@y=\dimen295
\pgf@xa=\dimen296
\pgf@ya=\dimen297
\pgf@xb=\dimen298
\pgf@yb=\dimen299
\pgf@xc=\dimen300
\pgf@yc=\dimen301
\w@pgf@writea=\write5
\r@pgf@reada=\read2
\c@pgf@counta=\count359
\c@pgf@countb=\count360
\c@pgf@countc=\count361
\c@pgf@countd=\count362

(/usr/share/texmf/tex/generic/pgf/systemlayer/pgf.cfg
File: pgf.cfg 2008/05/14  (rcs-revision 1.7)
)
Package pgfsys Info: Driver file for pgf: pgfsys-pdftex.def on input line 900.

(/usr/share/texmf/tex/generic/pgf/systemlayer/pgfsys-pdftex.def
File: pgfsys-pdftex.def 2009/05/22  (rcs-revision 1.26)

(/usr/share/texmf/tex/generic/pgf/systemlayer/pgfsys-common-pdf.def
File: pgfsys-common-pdf.def 2008/05/19  (rcs-revision 1.10)
)))
(/usr/share/texmf/tex/generic/pgf/systemlayer/pgfsyssoftpath.code.tex
File: pgfsyssoftpath.code.tex 2008/07/18  (rcs-revision 1.7)
\pgfsyssoftpath@smallbuffer@items=\count363
\pgfsyssoftpath@bigbuffer@items=\count364
)
(/usr/share/texmf/tex/generic/pgf/systemlayer/pgfsysprotocol.code.tex
File: pgfsysprotocol.code.tex 2006/10/16  (rcs-revision 1.4)
))
(/usr/share/texmf/tex/generic/pgf/basiclayer/pgfcore.code.tex
Package: pgfcore 2010/04/11 v2.10 (rcs-revision 1.7)

(/usr/share/texmf/tex/generic/pgf/math/pgfmath.code.tex
(/usr/share/texmf/tex/generic/pgf/math/pgfmathcalc.code.tex
(/usr/share/texmf/tex/generic/pgf/math/pgfmathutil.code.tex)
(/usr/share/texmf/tex/generic/pgf/math/pgfmathparser.code.tex
\pgfmath@dimen=\dimen302
\pgfmath@count=\count365
\pgfmath@box=\box266
\pgfmath@toks=\toks33
\pgfmath@stack@operand=\toks34
\pgfmath@stack@operation=\toks35
)
(/usr/share/texmf/tex/generic/pgf/math/pgfmathfunctions.code.tex
(/usr/share/texmf/tex/generic/pgf/math/pgfmathfunctions.basic.code.tex)
(/usr/share/texmf/tex/generic/pgf/math/pgfmathfunctions.trigonometric.code.tex)
(/usr/share/texmf/tex/generic/pgf/math/pgfmathfunctions.random.code.tex)
(/usr/share/texmf/tex/generic/pgf/math/pgfmathfunctions.comparison.code.tex)
(/usr/share/texmf/tex/generic/pgf/math/pgfmathfunctions.base.code.tex)
(/usr/share/texmf/tex/generic/pgf/math/pgfmathfunctions.round.code.tex)
(/usr/share/texmf/tex/generic/pgf/math/pgfmathfunctions.misc.code.tex)))
(/usr/share/texmf/tex/generic/pgf/math/pgfmathfloat.code.tex
\c@pgfmathroundto@lastzeros=\count366
))
(/usr/share/texmf/tex/generic/pgf/basiclayer/pgfcorepoints.code.tex
File: pgfcorepoints.code.tex 2010/04/09  (rcs-revision 1.20)
\pgf@picminx=\dimen303
\pgf@picmaxx=\dimen304
\pgf@picminy=\dimen305
\pgf@picmaxy=\dimen306
\pgf@pathminx=\dimen307
\pgf@pathmaxx=\dimen308
\pgf@pathminy=\dimen309
\pgf@pathmaxy=\dimen310
\pgf@xx=\dimen311
\pgf@xy=\dimen312
\pgf@yx=\dimen313
\pgf@yy=\dimen314
\pgf@zx=\dimen315
\pgf@zy=\dimen316
)
(/usr/share/texmf/tex/generic/pgf/basiclayer/pgfcorepathconstruct.code.tex
File: pgfcorepathconstruct.code.tex 2010/08/03  (rcs-revision 1.24)
\pgf@path@lastx=\dimen317
\pgf@path@lasty=\dimen318
)
(/usr/share/texmf/tex/generic/pgf/basiclayer/pgfcorepathusage.code.tex
File: pgfcorepathusage.code.tex 2008/04/22  (rcs-revision 1.12)
\pgf@shorten@end@additional=\dimen319
\pgf@shorten@start@additional=\dimen320
)
(/usr/share/texmf/tex/generic/pgf/basiclayer/pgfcorescopes.code.tex
File: pgfcorescopes.code.tex 2010/09/08  (rcs-revision 1.34)
\pgfpic=\box267
\pgf@hbox=\box268
\pgf@layerbox@main=\box269
\pgf@picture@serial@count=\count367
)
(/usr/share/texmf/tex/generic/pgf/basiclayer/pgfcoregraphicstate.code.tex
File: pgfcoregraphicstate.code.tex 2008/04/22  (rcs-revision 1.9)
\pgflinewidth=\dimen321
)
(/usr/share/texmf/tex/generic/pgf/basiclayer/pgfcoretransformations.code.tex
File: pgfcoretransformations.code.tex 2009/06/10  (rcs-revision 1.11)
\pgf@pt@x=\dimen322
\pgf@pt@y=\dimen323
\pgf@pt@temp=\dimen324
)
(/usr/share/texmf/tex/generic/pgf/basiclayer/pgfcorequick.code.tex
File: pgfcorequick.code.tex 2008/10/09  (rcs-revision 1.3)
)
(/usr/share/texmf/tex/generic/pgf/basiclayer/pgfcoreobjects.code.tex
File: pgfcoreobjects.code.tex 2006/10/11  (rcs-revision 1.2)
)
(/usr/share/texmf/tex/generic/pgf/basiclayer/pgfcorepathprocessing.code.tex
File: pgfcorepathprocessing.code.tex 2008/10/09  (rcs-revision 1.8)
)
(/usr/share/texmf/tex/generic/pgf/basiclayer/pgfcorearrows.code.tex
File: pgfcorearrows.code.tex 2008/04/23  (rcs-revision 1.11)
)
(/usr/share/texmf/tex/generic/pgf/basiclayer/pgfcoreshade.code.tex
File: pgfcoreshade.code.tex 2008/11/23  (rcs-revision 1.13)
\pgf@max=\dimen325
\pgf@sys@shading@range@num=\count368
)
(/usr/share/texmf/tex/generic/pgf/basiclayer/pgfcoreimage.code.tex
File: pgfcoreimage.code.tex 2010/03/25  (rcs-revision 1.16)

(/usr/share/texmf/tex/generic/pgf/basiclayer/pgfcoreexternal.code.tex
File: pgfcoreexternal.code.tex 2010/09/01  (rcs-revision 1.17)
\pgfexternal@startupbox=\box270
))
(/usr/share/texmf/tex/generic/pgf/basiclayer/pgfcorelayers.code.tex
File: pgfcorelayers.code.tex 2010/08/27  (rcs-revision 1.2)
)
(/usr/share/texmf/tex/generic/pgf/basiclayer/pgfcoretransparency.code.tex
File: pgfcoretransparency.code.tex 2008/01/17  (rcs-revision 1.2)
)
(/usr/share/texmf/tex/generic/pgf/basiclayer/pgfcorepatterns.code.tex
File: pgfcorepatterns.code.tex 2009/07/02  (rcs-revision 1.3)
)))
(/usr/share/texmf/tex/generic/pgf/modules/pgfmoduleshapes.code.tex
File: pgfmoduleshapes.code.tex 2010/09/09  (rcs-revision 1.13)
\pgfnodeparttextbox=\box271
)
(/usr/share/texmf/tex/generic/pgf/modules/pgfmoduleplot.code.tex
File: pgfmoduleplot.code.tex 2010/10/22  (rcs-revision 1.8)
)
(/usr/share/texmf/tex/latex/pgf/compatibility/pgfcomp-version-0-65.sty
Package: pgfcomp-version-0-65 2007/07/03 v2.10 (rcs-revision 1.7)
\pgf@nodesepstart=\dimen326
\pgf@nodesepend=\dimen327
)
(/usr/share/texmf/tex/latex/pgf/compatibility/pgfcomp-version-1-18.sty
Package: pgfcomp-version-1-18 2007/07/23 v2.10 (rcs-revision 1.1)
))
(/usr/share/texmf/tex/latex/pgf/utilities/pgffor.sty
(/usr/share/texmf/tex/latex/pgf/utilities/pgfkeys.sty
(/usr/share/texmf/tex/generic/pgf/utilities/pgfkeys.code.tex))
(/usr/share/texmf/tex/generic/pgf/utilities/pgffor.code.tex
Package: pgffor 2010/03/23 v2.10 (rcs-revision 1.18)
\pgffor@iter=\dimen328
\pgffor@skip=\dimen329
\pgffor@stack=\toks36
\pgffor@toks=\toks37
))
(/usr/share/texmf/tex/generic/pgf/frontendlayer/tikz/tikz.code.tex
Package: tikz 2010/10/13 v2.10 (rcs-revision 1.76)

(/usr/share/texmf/tex/generic/pgf/libraries/pgflibraryplothandlers.code.tex
File: pgflibraryplothandlers.code.tex 2010/05/31 v2.10 (rcs-revision 1.15)
\pgf@plot@mark@count=\count369
\pgfplotmarksize=\dimen330
)
\tikz@lastx=\dimen331
\tikz@lasty=\dimen332
\tikz@lastxsaved=\dimen333
\tikz@lastysaved=\dimen334
\tikzleveldistance=\dimen335
\tikzsiblingdistance=\dimen336
\tikz@figbox=\box272
\tikz@tempbox=\box273
\tikztreelevel=\count370
\tikznumberofchildren=\count371
\tikznumberofcurrentchild=\count372
\tikz@fig@count=\count373

(/usr/share/texmf/tex/generic/pgf/modules/pgfmodulematrix.code.tex
File: pgfmodulematrix.code.tex 2010/08/24  (rcs-revision 1.4)
\pgfmatrixcurrentrow=\count374
\pgfmatrixcurrentcolumn=\count375
\pgf@matrix@numberofcolumns=\count376
)
\tikz@expandcount=\count377

(/usr/share/texmf/tex/generic/pgf/frontendlayer/tikz/libraries/tikzlibrarytopat
hs.code.tex
File: tikzlibrarytopaths.code.tex 2008/06/17 v2.10 (rcs-revision 1.2)
))) (/usr/share/texlive/texmf-dist/tex/latex/psnfss/pifont.sty
Package: pifont 2005/04/12 PSNFSS-v9.2a Pi font support (SPQR) 
LaTeX Font Info:    Try loading font information for U+pzd on input line 63.

(/usr/share/texlive/texmf-dist/tex/latex/psnfss/upzd.fd
File: upzd.fd 2001/06/04 font definitions for U/pzd.
)
LaTeX Font Info:    Try loading font information for U+psy on input line 64.

(/usr/share/texlive/texmf-dist/tex/latex/psnfss/upsy.fd
File: upsy.fd 2001/06/04 font definitions for U/psy.
))
\drop=\skip268


******************************************************
Stock height and width: 597.50787pt by 421.10078pt
Top and edge trims: 0pt and 0pt
Page height and width: 597.50787pt by 421.10078pt
Text height and width: 555.00024pt by 398pt
Spine and edge margins: 8.11768pt and 14.64417pt
Upper and lower margins: 25.6073pt and 16.90033pt
Headheight and headsep: 6.8pt and 13.6pt
Footskip: 6.8pt
Columnsep and columnseprule: 10pt and 0pt
Marginparsep and marginparwidth: 7pt and 51pt
Sidecapsep and sidecapwidth: 7pt and 51pt
Sidebarhsep and sidebarwidth: 7pt and 51pt
Sidebarvsep and sidebartopsep: 13.6pt and 0pt
Sidebarheight: 349.52011pt
Sidefoothsep and sidefootwidth: 7pt and 51pt
Sidefootvsep and sidefootheight: 13.6pt and 349.52011pt
******************************************************

(./main-sanctSacra.aux)
LaTeX Font Info:    Checking defaults for OML/cmm/m/it on input line 90.
LaTeX Font Info:    ... okay on input line 90.
LaTeX Font Info:    Checking defaults for T1/cmr/m/n on input line 90.
LaTeX Font Info:    ... okay on input line 90.
LaTeX Font Info:    Checking defaults for OT1/cmr/m/n on input line 90.
LaTeX Font Info:    ... okay on input line 90.
LaTeX Font Info:    Checking defaults for OMS/cmsy/m/n on input line 90.
LaTeX Font Info:    ... okay on input line 90.
LaTeX Font Info:    Checking defaults for OMX/cmex/m/n on input line 90.
LaTeX Font Info:    ... okay on input line 90.
LaTeX Font Info:    Checking defaults for U/cmr/m/n on input line 90.
LaTeX Font Info:    ... okay on input line 90.
LaTeX Font Info:    Checking defaults for EU2/lmr/m/n on input line 90.
LaTeX Font Info:    ... okay on input line 90.
LaTeX Font Info:    Checking defaults for T3/cmr/m/n on input line 90.
LaTeX Font Info:    Try loading font information for T3+cmr on input line 90.
 (/usr/share/texmf/tex/latex/tipa/t3cmr.fd
File: t3cmr.fd 2001/12/31 TIPA font definitions
)
LaTeX Font Info:    ... okay on input line 90.
luaotfload | load font: auto-selecting default features for script: dflt (was l
atn)
(/usr/share/texlive/texmf-dist/tex/context/base/supp-pdf.mkii
[Loading MPS to PDF converter (version 2006.09.02).]
\scratchcounter=\count378
\scratchdimen=\dimen337
\scratchbox=\box274
\nofMPsegments=\count379
\nofMParguments=\count380
\everyMPshowfont=\toks38
\MPscratchCnt=\count381
\MPscratchDim=\dimen338
\MPnumerator=\count382
\makeMPintoPDFobject=\count383
\everyMPtoPDFconversion=\toks39
) (/usr/share/texlive/texmf-dist/tex/latex/oberdiek/epstopdf-base.sty
Package: epstopdf-base 2010/02/09 v2.5 Base part for package epstopdf

(/usr/share/texlive/texmf-dist/tex/latex/oberdiek/grfext.sty
Package: grfext 2010/08/19 v1.1 Manage graphics extensions (HO)

(/usr/share/texlive/texmf-dist/tex/generic/oberdiek/kvdefinekeys.sty
Package: kvdefinekeys 2011/04/07 v1.3 Define keys (HO)
))
(/usr/share/texlive/texmf-dist/tex/latex/oberdiek/kvoptions.sty
Package: kvoptions 2011/06/30 v3.11 Key value format for package options (HO)

(/usr/share/texlive/texmf-dist/tex/generic/oberdiek/kvsetkeys.sty
Package: kvsetkeys 2012/04/25 v1.16 Key value parser (HO)

(/usr/share/texlive/texmf-dist/tex/generic/oberdiek/etexcmds.sty
Package: etexcmds 2011/02/16 v1.5 Avoid name clashes with e-TeX commands (HO)
)))
Package grfext Info: Graphics extension search list:
(grfext)             [.png,.pdf,.jpg,.mps,.jpeg,.jbig2,.jb2,.PNG,.PDF,.JPG,.JPE
G,.JBIG2,.JB2,.eps]
(grfext)             \AppendGraphicsExtensions on input line 452.

(/usr/share/texlive/texmf-dist/tex/latex/latexconfig/epstopdf-sys.cfg
File: epstopdf-sys.cfg 2010/07/13 v1.3 Configuration of (r)epstopdf for TeX Liv
e
))
*geometry* driver: auto-detecting
*geometry* detected driver: pdftex
*geometry* verbose mode - [ preamble ] result:
* driver: pdftex
* paper: a5paper
* layout: <same size as paper>
* layoutoffset:(h,v)=(0.0pt,0.0pt)
* modes: twoside 
* h-part:(L,W,R)=(50.5326pt, 294.76926pt, 75.79893pt)
* v-part:(T,H,B)=(71.70166pt, 418.25368pt, 107.55254pt)
* \paperwidth=421.10078pt
* \paperheight=597.50787pt
* \textwidth=398.0pt
* \textheight=555.00024pt
* \oddsidemargin=-64.0pt
* \evensidemargin=-57.0pt
* \topmargin=-67.0627pt
* \headheight=6.8pt
* \headsep=13.6pt
* \topskip=11.0pt
* \footskip=6.8pt
* \marginparwidth=51.0pt
* \marginparsep=7.0pt
* \columnsep=10.0pt
* \skip\footins=12.0pt plus 4.0pt minus 4.0pt
* \hoffset=0.0pt
* \voffset=0.0pt
* \mag=1000
* \@twocolumnfalse
* \@twosidetrue
* \@mparswitchtrue
* \@reversemarginfalse
* (1in=72.27pt=25.4mm, 1cm=28.453pt)

ABD: EveryShipout initializing macros
luaotfload | load font: auto-selecting default features for script: dflt (was l
atn)(load: /home/ftherese/.texmf-var/luatex-cache/generic/fonts/otf/temp-lmroma
n17-regular.lua)
LaTeX Font Info:    Try loading font information for U+webo on input line 92.

(/usr/local/share/texmf/tex/latex/webomints/uwebo.fd
File: uwebo.fd 2002/05/28 font definitions for U/webo.
)
LaTeX Font Info:    Font shape `U/webo/xl/n' will be
(Font)              scaled to size 11.99997pt on input line 92.
luaotfload | load font: auto-selecting default features for script: dflt (was l
atn)(load: /home/ftherese/.texmf-var/luatex-cache/generic/fonts/otf/temp-lmroma
n12-regular.lua)
luaotfload | load font: auto-selecting default features for script: dflt (was l
atn)(load: /home/ftherese/.texmf-var/luatex-cache/generic/fonts/otf/temp-lmroma
n12-italic.lua)
luaotfload | load font: auto-selecting default features for script: dflt (was l
atn)(load: /home/ftherese/.texmf-var/luatex-cache/generic/fonts/otf/temp-lmroma
ncaps10-regular.lua) [1

{/var/lib/texmf/fonts/map/pdftex/updmap/pdftex.map}]
luaotfload | Font names database loaded: /home/ftherese/.texmf-var/luatex-cache
/generic/names/otfl-names.lua
luaotfload | load font: font family='warnockpro', subfamily='regular' found: Wa
rnockPro-Regular.otf(load: /home/ftherese/.texmf-var/luatex-cache/generic/fonts
/otf/temp-warnockpro-regular.lua)
luaotfload | load font: font family='warnockpro', subfamily='regular' found: Wa
rnockPro-Regular.otf
fontspec: script 'latn' exists in font 'Warnock Pro Regular'
fontspec: script 'latn' exists in font 'Warnock Pro Regular'
fontspec: feature '+dlig' for language 'DFLT' and script 'latn' exists in font 
'Warnock Pro Regular'
\g_fontspec_family_Warnock Pro_int=\count384
luaotfload | load font: font family='warnockpro', subfamily='regular' found: Wa
rnockPro-Regular.otf
fontspec: feature '+dlig' for language 'DFLT' and script 'latn' exists in font 
'Warnock Pro Regular'
fontspec: feature '+smcp' for language 'DFLT' and script 'latn' exists in font 
'Warnock Pro Regular'
fontspec: feature '+dlig' for language 'DFLT' and script 'latn' exists in font 
'Warnock Pro Regular'
fontspec: feature '+smcp' for language 'DFLT' and script 'latn' exists in font 
'Warnock Pro Regular'
luaotfload | load font: font family='warnockpro', subfamily='regular' found: Wa
rnockPro-Regular.otf
luaotfload | load font: font family='warnockpro', subfamily='bold' found: Warno
ckPro-Bold.otf(load: /home/ftherese/.texmf-var/luatex-cache/generic/fonts/otf/t
emp-warnockpro-bold.lua)
luaotfload | load font: font family='warnockpro', subfamily='bold' found: Warno
ckPro-Bold.otf
fontspec: feature '+dlig' for language 'DFLT' and script 'latn' exists in font 
'Warnock Pro Bold'
fontspec: feature '+smcp' for language 'DFLT' and script 'latn' exists in font 
'Warnock Pro Bold'
fontspec: feature '+dlig' for language 'DFLT' and script 'latn' exists in font 
'Warnock Pro Bold'
fontspec: feature '+smcp' for language 'DFLT' and script 'latn' exists in font 
'Warnock Pro Bold'
luaotfload | load font: font family='warnockpro', subfamily='regular' found: Wa
rnockPro-Regular.otf
luaotfload | load font: font family='warnockpro', subfamily='italic' found: War
nockPro-It.otf(load: /home/ftherese/.texmf-var/luatex-cache/generic/fonts/otf/t
emp-warnockpro-it.lua)
luaotfload | load font: font family='warnockpro', subfamily='italic' found: War
nockPro-It.otf
fontspec: feature '+dlig' for language 'DFLT' and script 'latn' exists in font 
'Warnock Pro Italic'
fontspec: feature '+smcp' for language 'DFLT' and script 'latn' exists in font 
'Warnock Pro Italic'
fontspec: feature '+dlig' for language 'DFLT' and script 'latn' exists in font 
'Warnock Pro Italic'
fontspec: feature '+smcp' for language 'DFLT' and script 'latn' exists in font 
'Warnock Pro Italic'
luaotfload | load font: font family='warnockpro', subfamily='regular' found: Wa
rnockPro-Regular.otf
luaotfload | load font: font family='warnockpro', subfamily='bolditalic' found:
 WarnockPro-BoldIt.otf(load: /home/ftherese/.texmf-var/luatex-cache/generic/fon
ts/otf/temp-warnockpro-boldit.lua)
luaotfload | load font: font family='warnockpro', subfamily='bolditalic' found:
 WarnockPro-BoldIt.otf
fontspec: feature '+dlig' for language 'DFLT' and script 'latn' exists in font 
'Warnock Pro Bold Italic'
fontspec: feature '+smcp' for language 'DFLT' and script 'latn' exists in font 
'Warnock Pro Bold Italic'
fontspec: feature '+dlig' for language 'DFLT' and script 'latn' exists in font 
'Warnock Pro Bold Italic'
fontspec: feature '+smcp' for language 'DFLT' and script 'latn' exists in font 
'Warnock Pro Bold Italic'
.................................................
. fontspec info: "defining-font"
. 
. Font family 'WarnockPro(0)' created for font 'Warnock Pro' with options
. [Ligatures={Rare,TeX}].
. 
. This font family consists of the following shapes:
. 
. * 'normal' with NFSS spec.:
. <->"name:WarnockPro:mode=node;script=latn;language=DFLT;+dlig;+tlig;+trep;"
. 
. * 'small caps' with NFSS spec.:
. 
. <->"name:WarnockPro:mode=node;script=latn;language=DFLT;+dlig;+tlig;+trep;+sm
cp;"
. 
. * 'bold' with NFSS spec.:
. 
. <->"name:WarnockPro/B:mode=node;script=latn;language=DFLT;+dlig;+tlig;+trep;"

. 
. * 'bold small caps' with NFSS spec.:
. 
. <->"name:WarnockPro/B:mode=node;script=latn;language=DFLT;+dlig;+tlig;+trep;+
smcp;"
. 
. * 'italic' with NFSS spec.:
. 
. <->"name:WarnockPro/I:mode=node;script=latn;language=DFLT;+dlig;+tlig;+trep;"

. 
. * 'italic small caps' with NFSS spec.:
. 
. <->"name:WarnockPro/I:mode=node;script=latn;language=DFLT;+dlig;+tlig;+trep;+
smcp;"
. 
. * 'bold italic' with NFSS spec.:
. 
. <->"name:WarnockPro/BI:mode=node;script=latn;language=DFLT;+dlig;+tlig;+trep;
"
. 
. * 'bold italic small caps' with NFSS spec.:
. 
. <->"name:WarnockPro/BI:mode=node;script=latn;language=DFLT;+dlig;+tlig;+trep;
+smcp;"
.................................................
luaotfload | load font: auto-selecting default features for script: dflt (was l
atn)
luaotfload | load font: font family='warnockpro', subfamily='regular' found: Wa
rnockPro-Regular.otf
luaotfload | load font: auto-selecting default features for script: dflt (was l
atn)
luaotfload | load font: font family='warnockpro', subfamily='regular' found: Wa
rnockPro-Subh.otf(load: /home/ftherese/.texmf-var/luatex-cache/generic/fonts/ot
f/temp-warnockpro-subh.lua)
luaotfload | load font: auto-selecting default features for script: dflt (was l
atn)
luaotfload | load font: font family='warnockpro', subfamily='regular' found: Wa
rnockPro-Subh.otf
checksum mismatch in font greciliae.ofm.vf ignored 
luaotfload | load font: auto-selecting default features for script: dflt (was l
atn)
luaotfload | load font: font family='warnockpro', subfamily='regular' found: Wa
rnockPro-Regular.otf
luaotfload | load font: auto-selecting default features for script: dflt (was l
atn)
luaotfload | load font: font family='warnockpro', subfamily='regular' found: Wa
rnockPro-Regular.otf
luaotfload | load font: auto-selecting default features for script: dflt (was l
atn)
luaotfload | load font: font family='warnockpro', subfamily='bold' found: Warno
ckPro-Bold.otf (./TantumErgo.tex
Module luatexbase-mcb info: inserting 'gregoriotex.callback'
(luatexbase-mcb)            at position 1 in 'post_linebreak_filter'
luaotfload | load font: auto-selecting default features for script: dflt (was l
atn)
luaotfload | load font: font family='warnockpro', subfamily='regular' found: Wa
rnockPro-Disp.otf(load: /home/ftherese/.texmf-var/luatex-cache/generic/fonts/ot
f/temp-warnockpro-disp.lua)
Module luatexbase-mcb info: removing 'gregoriotex.callback'
(luatexbase-mcb)            from 'post_linebreak_filter'
) (./TantumErgo_v2.tex
Module luatexbase-mcb info: inserting 'gregoriotex.callback'
(luatexbase-mcb)            at position 1 in 'post_linebreak_filter'
Module luatexbase-mcb info: removing 'gregoriotex.callback'
(luatexbase-mcb)            from 'post_linebreak_filter'
) (./TantumErgo_v3.tex [2

]
Module luatexbase-mcb info: inserting 'gregoriotex.callback'
(luatexbase-mcb)            at position 1 in 'post_linebreak_filter'
Module luatexbase-mcb info: removing 'gregoriotex.callback'
(luatexbase-mcb)            from 'post_linebreak_filter'
) (./OSalutaris.tex
Module luatexbase-mcb info: inserting 'gregoriotex.callback'
(luatexbase-mcb)            at position 1 in 'post_linebreak_filter'

Underfull \vbox (badness 2073) has occurred while \output is active []

 [3]
Module luatexbase-mcb info: removing 'gregoriotex.callback'
(luatexbase-mcb)            from 'post_linebreak_filter'
) (./OSalutaris_v2.tex
Module luatexbase-mcb info: inserting 'gregoriotex.callback'
(luatexbase-mcb)            at position 1 in 'post_linebreak_filter'
Module luatexbase-mcb info: removing 'gregoriotex.callback'
(luatexbase-mcb)            from 'post_linebreak_filter'
) (./O_salutaris_Hostia_III.tex
Module luatexbase-mcb info: inserting 'gregoriotex.callback'
(luatexbase-mcb)            at position 1 in 'post_linebreak_filter'
Module luatexbase-mcb info: removing 'gregoriotex.callback'
(luatexbase-mcb)            from 'post_linebreak_filter'
)
Underfull \vbox (badness 10000) has occurred while \output is active []

 [4]
(./Adoremus_and_Laudate_Dominum_I.tex
Module luatexbase-mcb info: inserting 'gregoriotex.callback'
(luatexbase-mcb)            at position 1 in 'post_linebreak_filter'
luaotfload | load font: auto-selecting default features for script: dflt (was l
atn)
luaotfload | load font: font family='warnockpro', subfamily='italic' found: War
nockPro-It.otf
Underfull \hbox (badness 10000) in paragraph at lines 3--499

 []

Module luatexbase-mcb info: removing 'gregoriotex.callback'
(luatexbase-mcb)            from 'post_linebreak_filter'
) (./Adoremus_and_Laudate_Dominum_II.tex
Module luatexbase-mcb info: inserting 'gregoriotex.callback'
(luatexbase-mcb)            at position 1 in 'post_linebreak_filter'

Underfull \vbox (badness 2680) has occurred while \output is active []

 [5]
Module luatexbase-mcb info: removing 'gregoriotex.callback'
(luatexbase-mcb)            from 'post_linebreak_filter'
) (./Adoremus_and_Laudate_Dominum_III.tex
Module luatexbase-mcb info: inserting 'gregoriotex.callback'
(luatexbase-mcb)            at position 1 in 'post_linebreak_filter'

Underfull \vbox (badness 10000) has occurred while \output is active []

 [6]
Module luatexbase-mcb info: removing 'gregoriotex.callback'
(luatexbase-mcb)            from 'post_linebreak_filter'
) (./Adoro_te_devote.tex
Module luatexbase-mcb info: inserting 'gregoriotex.callback'
(luatexbase-mcb)            at position 1 in 'post_linebreak_filter'
Module luatexbase-mcb info: removing 'gregoriotex.callback'
(luatexbase-mcb)            from 'post_linebreak_filter'
) (./Adoro_te_devote-verses.tex
Underfull \hbox (badness 10000) in paragraph at lines 1--5

 []


Underfull \hbox (badness 10000) in paragraph at lines 6--10

 []


Underfull \hbox (badness 10000) in paragraph at lines 11--15

 []


Underfull \hbox (badness 10000) in paragraph at lines 16--20

 []


Underfull \hbox (badness 10000) in paragraph at lines 21--25

 []


Underfull \hbox (badness 10000) in paragraph at lines 26--30

 []

) [7] (./Anima_Christi.tex
Module luatexbase-mcb info: inserting 'gregoriotex.callback'
(luatexbase-mcb)            at position 1 in 'post_linebreak_filter'
Module luatexbase-mcb info: removing 'gregoriotex.callback'
(luatexbase-mcb)            from 'post_linebreak_filter'
) (./Ave_Verum.tex
Module luatexbase-mcb info: inserting 'gregoriotex.callback'
(luatexbase-mcb)            at position 1 in 'post_linebreak_filter'
[8

]
Module luatexbase-mcb info: removing 'gregoriotex.callback'
(luatexbase-mcb)            from 'post_linebreak_filter'
) (./Ecce_panis_Angelorum.tex
Module luatexbase-mcb info: inserting 'gregoriotex.callback'
(luatexbase-mcb)            at position 1 in 'post_linebreak_filter'
[9]
Module luatexbase-mcb info: removing 'gregoriotex.callback'
(luatexbase-mcb)            from 'post_linebreak_filter'
) (./O_Panis_dulcissime.tex
Module luatexbase-mcb info: inserting 'gregoriotex.callback'
(luatexbase-mcb)            at position 1 in 'post_linebreak_filter'
Module luatexbase-mcb info: removing 'gregoriotex.callback'
(luatexbase-mcb)            from 'post_linebreak_filter'
) [10] (./Panis_angelicus.tex
Module luatexbase-mcb info: inserting 'gregoriotex.callback'
(luatexbase-mcb)            at position 1 in 'post_linebreak_filter'
Module luatexbase-mcb info: removing 'gregoriotex.callback'
(luatexbase-mcb)            from 'post_linebreak_filter'
) (./Ubi_caritas.tex
Module luatexbase-mcb info: inserting 'gregoriotex.callback'
(luatexbase-mcb)            at position 1 in 'post_linebreak_filter'
[11

]
Module luatexbase-mcb info: removing 'gregoriotex.callback'
(luatexbase-mcb)            from 'post_linebreak_filter'
) [12] (./main-sanctSacra.aux) )

Here is how much of LuaTeX's memory you used:
 28511 strings out of 495091
 745180,662416 words of node,token memory allocated
 597486 words of node memory still in use:
   20452 hlist, 3378 vlist, 13529 rule, 33891 glue, 13530 kern, 167 penalty, 68
91 glyph, 13739 attribute, 230 glue_spec, 6881 attribute_list, 2 write, 92 pdf_
literal, 184 pdf_colorstack nodes
   avail lists: 1:2,2:8375,3:1425,4:598,5:2143,6:1629,7:283,9:975,10:178
 30836 multiletter control sequences out of 65536+200000
 54 fonts using 5546015 bytes
 61i,11n,55p,615b,276s stack positions out of 5000i,500n,10000p,200000b,50000s
</usr/share/fonts/truetype/WarnockPro-It.otf></usr/share/fonts/truetype/Warnock
Pro-Regular.otf></usr/share/fonts/truetype/WarnockPro-Bold.otf></usr/share/font
s/truetype/WarnockPro-Disp.otf></usr/share/fonts/truetype/WarnockPro-Subh.otf><
/usr/share/texmf/fonts/opentype/public/lm/lmromancaps10-regular.otf></usr/share
/texmf/fonts/opentype/public/lm/lmroman12-regular.otf></usr/share/texmf/fonts/o
pentype/public/lm/lmroman12-italic.otf></usr/share/texmf/fonts/opentype/public/
lm/lmroman17-regular.otf></usr/local/share/texmf/fonts/type1/public/webomints/W
ebOMintsGD.pfb></usr/share/texmf/fonts/type1/public/gregoriotex/greciliae/greci
liae-0.pfb></usr/share/texmf/fonts/type1/public/gregoriotex/greciliae/greciliae
-1.pfb></usr/share/texmf/fonts/type1/public/gregoriotex/greciliae/greciliae-2.p
fb></usr/share/texmf/fonts/type1/public/gregoriotex/gresym/gresym.pfb>
Output written on main-sanctSacra.pdf (12 pages, 156212 bytes).

PDF statistics: 129 PDF objects out of 1000 (max. 8388607)
 82 compressed objects within 1 object stream
 0 named destinations out of 1000 (max. 131072)
 16 words of extra memory for PDF output out of 10000 (max. 10000000)

